<?xml version="1.0" encoding="UTF-8"?>
<!-- Generated by org.testng.reporters.JUnitXMLReporter -->
<testsuite hostname="xuxiaochande-MacBook-Pro.local" ignored="0" name="Command line test" tests="53" failures="52" timestamp="21 七月 2019 10:27:44 GMT" time="39.685" errors="0">
  <testcase name="" time="1.265" classname="xuxiaochan.test.airwallex.BankInfoEndpointTest"/>
  <testcase name="" time="0.809" classname="xuxiaochan.test.airwallex.BankInfoEndpointTest">
    <failure type="java.lang.AssertionError" message="expected [{&amp;quot;error&amp;quot;:&amp;quot;&amp;apos;payment_method&amp;apos; field required, the value should be either &amp;apos;LOCAL&amp;apos; or &amp;apos;SWIFT&amp;apos;&amp;quot;}] but found [{&amp;quot;error&amp;quot;:&amp;quot;&amp;apos;bank_country_code&amp;apos; is required, and should be one of &amp;apos;US&amp;apos;, &amp;apos;AU&amp;apos;, or &amp;apos;CN&amp;apos;&amp;quot;}]">
      <![CDATA[java.lang.AssertionError: expected [{"error":"'payment_method' field required, the value should be either 'LOCAL' or 'SWIFT'"}] but found [{"error":"'bank_country_code' is required, and should be one of 'US', 'AU', or 'CN'"}]
	at xuxiaochan.test.airwallex.BankInfoEndpointTest.bankInfoCollectEndpointRequest(BankInfoEndpointTest.java:90)
... Removed 41 stack frames]]>
    </failure>
  </testcase> <!--  -->
  <testcase name="" time="0.813" classname="xuxiaochan.test.airwallex.BankInfoEndpointTest">
    <failure type="java.lang.AssertionError" message="expected [1] but found [{&amp;quot;error&amp;quot;:&amp;quot;&amp;apos;account_name&amp;apos; is required&amp;quot;}]">
      <![CDATA[java.lang.AssertionError: expected [1] but found [{"error":"'account_name' is required"}]
	at xuxiaochan.test.airwallex.BankInfoEndpointTest.bankInfoCollectEndpointRequest(BankInfoEndpointTest.java:90)
... Removed 41 stack frames]]>
    </failure>
  </testcase> <!--  -->
  <testcase name="" time="0.819" classname="xuxiaochan.test.airwallex.BankInfoEndpointTest">
    <failure type="java.lang.AssertionError" message="expected [1] but found [{&amp;quot;error&amp;quot;:&amp;quot;&amp;apos;account_number&amp;apos; is required&amp;quot;}]">
      <![CDATA[java.lang.AssertionError: expected [1] but found [{"error":"'account_number' is required"}]
	at xuxiaochan.test.airwallex.BankInfoEndpointTest.bankInfoCollectEndpointRequest(BankInfoEndpointTest.java:90)
... Removed 41 stack frames]]>
    </failure>
  </testcase> <!--  -->
  <testcase name="" time="0.816" classname="xuxiaochan.test.airwallex.BankInfoEndpointTest">
    <failure type="java.lang.AssertionError" message="expected [1] but found [{&amp;quot;error&amp;quot;:&amp;quot;&amp;apos;account_number&amp;apos; is required&amp;quot;}]">
      <![CDATA[java.lang.AssertionError: expected [1] but found [{"error":"'account_number' is required"}]
	at xuxiaochan.test.airwallex.BankInfoEndpointTest.bankInfoCollectEndpointRequest(BankInfoEndpointTest.java:90)
... Removed 41 stack frames]]>
    </failure>
  </testcase> <!--  -->
  <testcase name="" time="0.715" classname="xuxiaochan.test.airwallex.BankInfoEndpointTest">
    <failure type="java.lang.AssertionError" message="expected [true] but found [false]">
      <![CDATA[java.lang.AssertionError: expected [true] but found [false]
	at xuxiaochan.test.airwallex.BankInfoEndpointTest.bankInfoCollectEndpointRequest(BankInfoEndpointTest.java:89)
... Removed 39 stack frames]]>
    </failure>
  </testcase> <!--  -->
  <testcase name="" time="0.716" classname="xuxiaochan.test.airwallex.BankInfoEndpointTest">
    <failure type="java.lang.AssertionError" message="expected [true] but found [false]">
      <![CDATA[java.lang.AssertionError: expected [true] but found [false]
	at xuxiaochan.test.airwallex.BankInfoEndpointTest.bankInfoCollectEndpointRequest(BankInfoEndpointTest.java:89)
... Removed 39 stack frames]]>
    </failure>
  </testcase> <!--  -->
  <testcase name="" time="0.612" classname="xuxiaochan.test.airwallex.BankInfoEndpointTest">
    <failure type="java.lang.AssertionError" message="expected [1] but found [{&amp;quot;error&amp;quot;:&amp;quot;Length of account_number should be between 7 and 11 when bank_country_code is &amp;apos;US&amp;apos;&amp;quot;}]">
      <![CDATA[java.lang.AssertionError: expected [1] but found [{"error":"Length of account_number should be between 7 and 11 when bank_country_code is 'US'"}]
	at xuxiaochan.test.airwallex.BankInfoEndpointTest.bankInfoCollectEndpointRequest(BankInfoEndpointTest.java:90)
... Removed 41 stack frames]]>
    </failure>
  </testcase> <!--  -->
  <testcase name="" time="0.818" classname="xuxiaochan.test.airwallex.BankInfoEndpointTest">
    <failure type="java.lang.AssertionError" message="expected [true] but found [false]">
      <![CDATA[java.lang.AssertionError: expected [true] but found [false]
	at xuxiaochan.test.airwallex.BankInfoEndpointTest.bankInfoCollectEndpointRequest(BankInfoEndpointTest.java:89)
... Removed 39 stack frames]]>
    </failure>
  </testcase> <!--  -->
  <testcase name="" time="0.646" classname="xuxiaochan.test.airwallex.BankInfoEndpointTest">
    <failure type="java.lang.AssertionError" message="expected [1] but found [{&amp;quot;error&amp;quot;:&amp;quot;Length of account_number should be between 7 and 11 when bank_country_code is &amp;apos;US&amp;apos;&amp;quot;}]">
      <![CDATA[java.lang.AssertionError: expected [1] but found [{"error":"Length of account_number should be between 7 and 11 when bank_country_code is 'US'"}]
	at xuxiaochan.test.airwallex.BankInfoEndpointTest.bankInfoCollectEndpointRequest(BankInfoEndpointTest.java:90)
... Removed 41 stack frames]]>
    </failure>
  </testcase> <!--  -->
  <testcase name="" time="0.701" classname="xuxiaochan.test.airwallex.BankInfoEndpointTest">
    <failure type="java.lang.AssertionError" message="expected [1] but found [{&amp;quot;error&amp;quot;:&amp;quot;Length of account_number should be between 7 and 11 when bank_country_code is &amp;apos;US&amp;apos;&amp;quot;}]">
      <![CDATA[java.lang.AssertionError: expected [1] but found [{"error":"Length of account_number should be between 7 and 11 when bank_country_code is 'US'"}]
	at xuxiaochan.test.airwallex.BankInfoEndpointTest.bankInfoCollectEndpointRequest(BankInfoEndpointTest.java:90)
... Removed 41 stack frames]]>
    </failure>
  </testcase> <!--  -->
  <testcase name="" time="0.8" classname="xuxiaochan.test.airwallex.BankInfoEndpointTest">
    <failure type="java.lang.AssertionError" message="expected [1] but found [{&amp;quot;error&amp;quot;:&amp;quot;Length of account_number should be between 7 and 11 when bank_country_code is &amp;apos;US&amp;apos;&amp;quot;}]">
      <![CDATA[java.lang.AssertionError: expected [1] but found [{"error":"Length of account_number should be between 7 and 11 when bank_country_code is 'US'"}]
	at xuxiaochan.test.airwallex.BankInfoEndpointTest.bankInfoCollectEndpointRequest(BankInfoEndpointTest.java:90)
... Removed 41 stack frames]]>
    </failure>
  </testcase> <!--  -->
  <testcase name="" time="0.732" classname="xuxiaochan.test.airwallex.BankInfoEndpointTest">
    <failure type="java.lang.AssertionError" message="expected [1] but found [{&amp;quot;error&amp;quot;:&amp;quot;Length of account_number should be between 7 and 11 when bank_country_code is &amp;apos;US&amp;apos;&amp;quot;}]">
      <![CDATA[java.lang.AssertionError: expected [1] but found [{"error":"Length of account_number should be between 7 and 11 when bank_country_code is 'US'"}]
	at xuxiaochan.test.airwallex.BankInfoEndpointTest.bankInfoCollectEndpointRequest(BankInfoEndpointTest.java:90)
... Removed 41 stack frames]]>
    </failure>
  </testcase> <!--  -->
  <testcase name="" time="0.702" classname="xuxiaochan.test.airwallex.BankInfoEndpointTest">
    <failure type="java.lang.AssertionError" message="expected [1] but found [{&amp;quot;error&amp;quot;:&amp;quot;Length of account_number should be between 7 and 11 when bank_country_code is &amp;apos;US&amp;apos;&amp;quot;}]">
      <![CDATA[java.lang.AssertionError: expected [1] but found [{"error":"Length of account_number should be between 7 and 11 when bank_country_code is 'US'"}]
	at xuxiaochan.test.airwallex.BankInfoEndpointTest.bankInfoCollectEndpointRequest(BankInfoEndpointTest.java:90)
... Removed 41 stack frames]]>
    </failure>
  </testcase> <!--  -->
  <testcase name="" time="0.814" classname="xuxiaochan.test.airwallex.BankInfoEndpointTest">
    <failure type="java.lang.AssertionError" message="expected [1] but found [{&amp;quot;error&amp;quot;:&amp;quot;Length of account_number should be between 7 and 11 when bank_country_code is &amp;apos;US&amp;apos;&amp;quot;}]">
      <![CDATA[java.lang.AssertionError: expected [1] but found [{"error":"Length of account_number should be between 7 and 11 when bank_country_code is 'US'"}]
	at xuxiaochan.test.airwallex.BankInfoEndpointTest.bankInfoCollectEndpointRequest(BankInfoEndpointTest.java:90)
... Removed 41 stack frames]]>
    </failure>
  </testcase> <!--  -->
  <testcase name="" time="0.818" classname="xuxiaochan.test.airwallex.BankInfoEndpointTest">
    <failure type="java.lang.AssertionError" message="expected [1] but found [{&amp;quot;error&amp;quot;:&amp;quot;Length of account_number should be between 7 and 11 when bank_country_code is &amp;apos;US&amp;apos;&amp;quot;}]">
      <![CDATA[java.lang.AssertionError: expected [1] but found [{"error":"Length of account_number should be between 7 and 11 when bank_country_code is 'US'"}]
	at xuxiaochan.test.airwallex.BankInfoEndpointTest.bankInfoCollectEndpointRequest(BankInfoEndpointTest.java:90)
... Removed 41 stack frames]]>
    </failure>
  </testcase> <!--  -->
  <testcase name="" time="0.716" classname="xuxiaochan.test.airwallex.BankInfoEndpointTest">
    <failure type="java.lang.AssertionError" message="expected [1] but found [{&amp;quot;error&amp;quot;:&amp;quot;Length of account_number should be between 7 and 11 when bank_country_code is &amp;apos;US&amp;apos;&amp;quot;}]">
      <![CDATA[java.lang.AssertionError: expected [1] but found [{"error":"Length of account_number should be between 7 and 11 when bank_country_code is 'US'"}]
	at xuxiaochan.test.airwallex.BankInfoEndpointTest.bankInfoCollectEndpointRequest(BankInfoEndpointTest.java:90)
... Removed 40 stack frames]]>
    </failure>
  </testcase> <!--  -->
  <testcase name="" time="0.818" classname="xuxiaochan.test.airwallex.BankInfoEndpointTest">
    <failure type="java.lang.AssertionError" message="expected [1] but found [{&amp;quot;error&amp;quot;:&amp;quot;&amp;apos;swift_code&amp;apos; is required when payment method is &amp;apos;SWIFT&amp;apos;&amp;quot;}]">
      <![CDATA[java.lang.AssertionError: expected [1] but found [{"error":"'swift_code' is required when payment method is 'SWIFT'"}]
	at xuxiaochan.test.airwallex.BankInfoEndpointTest.bankInfoCollectEndpointRequest(BankInfoEndpointTest.java:90)
... Removed 40 stack frames]]>
    </failure>
  </testcase> <!--  -->
  <testcase name="" time="0.72" classname="xuxiaochan.test.airwallex.BankInfoEndpointTest">
    <failure type="java.lang.AssertionError" message="expected [true] but found [false]">
      <![CDATA[java.lang.AssertionError: expected [true] but found [false]
	at xuxiaochan.test.airwallex.BankInfoEndpointTest.bankInfoCollectEndpointRequest(BankInfoEndpointTest.java:89)
... Removed 38 stack frames]]>
    </failure>
  </testcase> <!--  -->
  <testcase name="" time="0.813" classname="xuxiaochan.test.airwallex.BankInfoEndpointTest">
    <failure type="java.lang.AssertionError" message="expected [true] but found [false]">
      <![CDATA[java.lang.AssertionError: expected [true] but found [false]
	at xuxiaochan.test.airwallex.BankInfoEndpointTest.bankInfoCollectEndpointRequest(BankInfoEndpointTest.java:89)
... Removed 38 stack frames]]>
    </failure>
  </testcase> <!--  -->
  <testcase name="" time="0.613" classname="xuxiaochan.test.airwallex.BankInfoEndpointTest">
    <failure type="java.lang.AssertionError" message="expected [1] but found [{&amp;quot;error&amp;quot;:&amp;quot;The swift code is not valid for the given bank country code: US&amp;quot;}]">
      <![CDATA[java.lang.AssertionError: expected [1] but found [{"error":"The swift code is not valid for the given bank country code: US"}]
	at xuxiaochan.test.airwallex.BankInfoEndpointTest.bankInfoCollectEndpointRequest(BankInfoEndpointTest.java:90)
... Removed 40 stack frames]]>
    </failure>
  </testcase> <!--  -->
  <testcase name="" time="0.613" classname="xuxiaochan.test.airwallex.BankInfoEndpointTest">
    <failure type="java.lang.AssertionError" message="expected [1] but found [{&amp;quot;error&amp;quot;:&amp;quot;The swift code is not valid for the given bank country code: US&amp;quot;}]">
      <![CDATA[java.lang.AssertionError: expected [1] but found [{"error":"The swift code is not valid for the given bank country code: US"}]
	at xuxiaochan.test.airwallex.BankInfoEndpointTest.bankInfoCollectEndpointRequest(BankInfoEndpointTest.java:90)
... Removed 40 stack frames]]>
    </failure>
  </testcase> <!--  -->
  <testcase name="" time="0.614" classname="xuxiaochan.test.airwallex.BankInfoEndpointTest">
    <failure type="java.lang.AssertionError" message="expected [1] but found [{&amp;quot;error&amp;quot;:&amp;quot;Length of account_number should be between 7 and 11 when bank_country_code is &amp;apos;US&amp;apos;&amp;quot;}]">
      <![CDATA[java.lang.AssertionError: expected [1] but found [{"error":"Length of account_number should be between 7 and 11 when bank_country_code is 'US'"}]
	at xuxiaochan.test.airwallex.BankInfoEndpointTest.bankInfoCollectEndpointRequest(BankInfoEndpointTest.java:90)
... Removed 40 stack frames]]>
    </failure>
  </testcase> <!--  -->
  <testcase name="" time="0.817" classname="xuxiaochan.test.airwallex.BankInfoEndpointTest">
    <failure type="java.lang.AssertionError" message="expected [1] but found [{&amp;quot;error&amp;quot;:&amp;quot;Length of account_number should be between 7 and 11 when bank_country_code is &amp;apos;US&amp;apos;&amp;quot;}]">
      <![CDATA[java.lang.AssertionError: expected [1] but found [{"error":"Length of account_number should be between 7 and 11 when bank_country_code is 'US'"}]
	at xuxiaochan.test.airwallex.BankInfoEndpointTest.bankInfoCollectEndpointRequest(BankInfoEndpointTest.java:90)
... Removed 40 stack frames]]>
    </failure>
  </testcase> <!--  -->
  <testcase name="" time="0.817" classname="xuxiaochan.test.airwallex.BankInfoEndpointTest">
    <failure type="java.lang.AssertionError" message="expected [1] but found [{&amp;quot;error&amp;quot;:&amp;quot;Length of account_number should be between 7 and 11 when bank_country_code is &amp;apos;US&amp;apos;&amp;quot;}]">
      <![CDATA[java.lang.AssertionError: expected [1] but found [{"error":"Length of account_number should be between 7 and 11 when bank_country_code is 'US'"}]
	at xuxiaochan.test.airwallex.BankInfoEndpointTest.bankInfoCollectEndpointRequest(BankInfoEndpointTest.java:90)
... Removed 40 stack frames]]>
    </failure>
  </testcase> <!--  -->
  <testcase name="" time="0.817" classname="xuxiaochan.test.airwallex.BankInfoEndpointTest">
    <failure type="java.lang.AssertionError" message="expected [1] but found [{&amp;quot;error&amp;quot;:&amp;quot;Length of account_number should be between 7 and 11 when bank_country_code is &amp;apos;US&amp;apos;&amp;quot;}]">
      <![CDATA[java.lang.AssertionError: expected [1] but found [{"error":"Length of account_number should be between 7 and 11 when bank_country_code is 'US'"}]
	at xuxiaochan.test.airwallex.BankInfoEndpointTest.bankInfoCollectEndpointRequest(BankInfoEndpointTest.java:90)
... Removed 40 stack frames]]>
    </failure>
  </testcase> <!--  -->
  <testcase name="" time="0.716" classname="xuxiaochan.test.airwallex.BankInfoEndpointTest">
    <failure type="java.lang.AssertionError" message="expected [1] but found [{&amp;quot;error&amp;quot;:&amp;quot;Length of account_number should be between 7 and 11 when bank_country_code is &amp;apos;US&amp;apos;&amp;quot;}]">
      <![CDATA[java.lang.AssertionError: expected [1] but found [{"error":"Length of account_number should be between 7 and 11 when bank_country_code is 'US'"}]
	at xuxiaochan.test.airwallex.BankInfoEndpointTest.bankInfoCollectEndpointRequest(BankInfoEndpointTest.java:90)
... Removed 40 stack frames]]>
    </failure>
  </testcase> <!--  -->
  <testcase name="" time="0.818" classname="xuxiaochan.test.airwallex.BankInfoEndpointTest">
    <failure type="java.lang.AssertionError" message="expected [1] but found [{&amp;quot;error&amp;quot;:&amp;quot;Length of account_number should be between 7 and 11 when bank_country_code is &amp;apos;US&amp;apos;&amp;quot;}]">
      <![CDATA[java.lang.AssertionError: expected [1] but found [{"error":"Length of account_number should be between 7 and 11 when bank_country_code is 'US'"}]
	at xuxiaochan.test.airwallex.BankInfoEndpointTest.bankInfoCollectEndpointRequest(BankInfoEndpointTest.java:90)
... Removed 40 stack frames]]>
    </failure>
  </testcase> <!--  -->
  <testcase name="" time="0.818" classname="xuxiaochan.test.airwallex.BankInfoEndpointTest">
    <failure type="java.lang.AssertionError" message="expected [1] but found [{&amp;quot;error&amp;quot;:&amp;quot;The swift code is not valid for the given bank country code: US&amp;quot;}]">
      <![CDATA[java.lang.AssertionError: expected [1] but found [{"error":"The swift code is not valid for the given bank country code: US"}]
	at xuxiaochan.test.airwallex.BankInfoEndpointTest.bankInfoCollectEndpointRequest(BankInfoEndpointTest.java:90)
... Removed 40 stack frames]]>
    </failure>
  </testcase> <!--  -->
  <testcase name="" time="0.717" classname="xuxiaochan.test.airwallex.BankInfoEndpointTest">
    <failure type="java.lang.AssertionError" message="expected [1] but found [{&amp;quot;error&amp;quot;:&amp;quot;Length of &amp;apos;swift_code&amp;apos; should be either 8 or 11&amp;quot;}]">
      <![CDATA[java.lang.AssertionError: expected [1] but found [{"error":"Length of 'swift_code' should be either 8 or 11"}]
	at xuxiaochan.test.airwallex.BankInfoEndpointTest.bankInfoCollectEndpointRequest(BankInfoEndpointTest.java:90)
... Removed 40 stack frames]]>
    </failure>
  </testcase> <!--  -->
  <testcase name="" time="0.817" classname="xuxiaochan.test.airwallex.BankInfoEndpointTest">
    <failure type="java.lang.AssertionError" message="expected [1] but found [{&amp;quot;error&amp;quot;:&amp;quot;The swift code is not valid for the given bank country code: US&amp;quot;}]">
      <![CDATA[java.lang.AssertionError: expected [1] but found [{"error":"The swift code is not valid for the given bank country code: US"}]
	at xuxiaochan.test.airwallex.BankInfoEndpointTest.bankInfoCollectEndpointRequest(BankInfoEndpointTest.java:90)
... Removed 40 stack frames]]>
    </failure>
  </testcase> <!--  -->
  <testcase name="" time="0.818" classname="xuxiaochan.test.airwallex.BankInfoEndpointTest">
    <failure type="java.lang.AssertionError" message="expected [1] but found [{&amp;quot;error&amp;quot;:&amp;quot;The swift code is not valid for the given bank country code: US&amp;quot;}]">
      <![CDATA[java.lang.AssertionError: expected [1] but found [{"error":"The swift code is not valid for the given bank country code: US"}]
	at xuxiaochan.test.airwallex.BankInfoEndpointTest.bankInfoCollectEndpointRequest(BankInfoEndpointTest.java:90)
... Removed 40 stack frames]]>
    </failure>
  </testcase> <!--  -->
  <testcase name="" time="0.655" classname="xuxiaochan.test.airwallex.BankInfoEndpointTest">
    <failure type="java.lang.AssertionError" message="expected [1] but found [{&amp;quot;error&amp;quot;:&amp;quot;Length of &amp;apos;swift_code&amp;apos; should be either 8 or 11&amp;quot;}]">
      <![CDATA[java.lang.AssertionError: expected [1] but found [{"error":"Length of 'swift_code' should be either 8 or 11"}]
	at xuxiaochan.test.airwallex.BankInfoEndpointTest.bankInfoCollectEndpointRequest(BankInfoEndpointTest.java:90)
... Removed 40 stack frames]]>
    </failure>
  </testcase> <!--  -->
  <testcase name="" time="0.776" classname="xuxiaochan.test.airwallex.BankInfoEndpointTest">
    <failure type="java.lang.AssertionError" message="expected [1] but found [{&amp;quot;error&amp;quot;:&amp;quot;Length of account_number should be between 7 and 11 when bank_country_code is &amp;apos;US&amp;apos;&amp;quot;}]">
      <![CDATA[java.lang.AssertionError: expected [1] but found [{"error":"Length of account_number should be between 7 and 11 when bank_country_code is 'US'"}]
	at xuxiaochan.test.airwallex.BankInfoEndpointTest.bankInfoCollectEndpointRequest(BankInfoEndpointTest.java:90)
... Removed 40 stack frames]]>
    </failure>
  </testcase> <!--  -->
  <testcase name="" time="0.719" classname="xuxiaochan.test.airwallex.BankInfoEndpointTest">
    <failure type="java.lang.AssertionError" message="expected [1] but found [{&amp;quot;error&amp;quot;:&amp;quot;Length of account_number should be between 7 and 11 when bank_country_code is &amp;apos;US&amp;apos;&amp;quot;}]">
      <![CDATA[java.lang.AssertionError: expected [1] but found [{"error":"Length of account_number should be between 7 and 11 when bank_country_code is 'US'"}]
	at xuxiaochan.test.airwallex.BankInfoEndpointTest.bankInfoCollectEndpointRequest(BankInfoEndpointTest.java:90)
... Removed 40 stack frames]]>
    </failure>
  </testcase> <!--  -->
  <testcase name="" time="0.701" classname="xuxiaochan.test.airwallex.BankInfoEndpointTest">
    <failure type="java.lang.AssertionError" message="expected [1] but found [{&amp;quot;error&amp;quot;:&amp;quot;&amp;apos;swift_code&amp;apos; is required when payment method is &amp;apos;SWIFT&amp;apos;&amp;quot;}]">
      <![CDATA[java.lang.AssertionError: expected [1] but found [{"error":"'swift_code' is required when payment method is 'SWIFT'"}]
	at xuxiaochan.test.airwallex.BankInfoEndpointTest.bankInfoCollectEndpointRequest(BankInfoEndpointTest.java:90)
... Removed 40 stack frames]]>
    </failure>
  </testcase> <!--  -->
  <testcase name="" time="0.605" classname="xuxiaochan.test.airwallex.BankInfoEndpointTest">
    <failure type="java.lang.AssertionError" message="expected [1] but found [{&amp;quot;error&amp;quot;:&amp;quot;&amp;apos;swift_code&amp;apos; is required when payment method is &amp;apos;SWIFT&amp;apos;&amp;quot;}]">
      <![CDATA[java.lang.AssertionError: expected [1] but found [{"error":"'swift_code' is required when payment method is 'SWIFT'"}]
	at xuxiaochan.test.airwallex.BankInfoEndpointTest.bankInfoCollectEndpointRequest(BankInfoEndpointTest.java:90)
... Removed 40 stack frames]]>
    </failure>
  </testcase> <!--  -->
  <testcase name="" time="0.634" classname="xuxiaochan.test.airwallex.BankInfoEndpointTest">
    <failure type="java.lang.AssertionError" message="expected [1] but found [{&amp;quot;error&amp;quot;:&amp;quot;Length of account_number should be between 7 and 11 when bank_country_code is &amp;apos;US&amp;apos;&amp;quot;}]">
      <![CDATA[java.lang.AssertionError: expected [1] but found [{"error":"Length of account_number should be between 7 and 11 when bank_country_code is 'US'"}]
	at xuxiaochan.test.airwallex.BankInfoEndpointTest.bankInfoCollectEndpointRequest(BankInfoEndpointTest.java:90)
... Removed 40 stack frames]]>
    </failure>
  </testcase> <!--  -->
  <testcase name="" time="0.716" classname="xuxiaochan.test.airwallex.BankInfoEndpointTest">
    <failure type="java.lang.AssertionError" message="expected [1] but found [{&amp;quot;error&amp;quot;:&amp;quot;Length of account_number should be between 7 and 11 when bank_country_code is &amp;apos;US&amp;apos;&amp;quot;}]">
      <![CDATA[java.lang.AssertionError: expected [1] but found [{"error":"Length of account_number should be between 7 and 11 when bank_country_code is 'US'"}]
	at xuxiaochan.test.airwallex.BankInfoEndpointTest.bankInfoCollectEndpointRequest(BankInfoEndpointTest.java:90)
... Removed 40 stack frames]]>
    </failure>
  </testcase> <!--  -->
  <testcase name="" time="0.728" classname="xuxiaochan.test.airwallex.BankInfoEndpointTest">
    <failure type="java.lang.AssertionError" message="expected [1] but found [{&amp;quot;error&amp;quot;:&amp;quot;The swift code is not valid for the given bank country code: US&amp;quot;}]">
      <![CDATA[java.lang.AssertionError: expected [1] but found [{"error":"The swift code is not valid for the given bank country code: US"}]
	at xuxiaochan.test.airwallex.BankInfoEndpointTest.bankInfoCollectEndpointRequest(BankInfoEndpointTest.java:90)
... Removed 40 stack frames]]>
    </failure>
  </testcase> <!--  -->
  <testcase name="" time="0.805" classname="xuxiaochan.test.airwallex.BankInfoEndpointTest">
    <failure type="java.lang.AssertionError" message="expected [1] but found [{&amp;quot;error&amp;quot;:&amp;quot;&amp;apos;swift_code&amp;apos; is required when payment method is &amp;apos;SWIFT&amp;apos;&amp;quot;}]">
      <![CDATA[java.lang.AssertionError: expected [1] but found [{"error":"'swift_code' is required when payment method is 'SWIFT'"}]
	at xuxiaochan.test.airwallex.BankInfoEndpointTest.bankInfoCollectEndpointRequest(BankInfoEndpointTest.java:90)
... Removed 40 stack frames]]>
    </failure>
  </testcase> <!--  -->
  <testcase name="" time="0.817" classname="xuxiaochan.test.airwallex.BankInfoEndpointTest">
    <failure type="java.lang.AssertionError" message="expected [1] but found [{&amp;quot;error&amp;quot;:&amp;quot;Length of account_number should be between 7 and 11 when bank_country_code is &amp;apos;US&amp;apos;&amp;quot;}]">
      <![CDATA[java.lang.AssertionError: expected [1] but found [{"error":"Length of account_number should be between 7 and 11 when bank_country_code is 'US'"}]
	at xuxiaochan.test.airwallex.BankInfoEndpointTest.bankInfoCollectEndpointRequest(BankInfoEndpointTest.java:90)
... Removed 40 stack frames]]>
    </failure>
  </testcase> <!--  -->
  <testcase name="" time="0.736" classname="xuxiaochan.test.airwallex.BankInfoEndpointTest">
    <failure type="java.lang.AssertionError" message="expected [1] but found [{&amp;quot;error&amp;quot;:&amp;quot;Length of account_number should be between 7 and 11 when bank_country_code is &amp;apos;US&amp;apos;&amp;quot;}]">
      <![CDATA[java.lang.AssertionError: expected [1] but found [{"error":"Length of account_number should be between 7 and 11 when bank_country_code is 'US'"}]
	at xuxiaochan.test.airwallex.BankInfoEndpointTest.bankInfoCollectEndpointRequest(BankInfoEndpointTest.java:90)
... Removed 40 stack frames]]>
    </failure>
  </testcase> <!--  -->
  <testcase name="" time="0.675" classname="xuxiaochan.test.airwallex.BankInfoEndpointTest">
    <failure type="java.lang.AssertionError" message="expected [1] but found [{&amp;quot;error&amp;quot;:&amp;quot;&amp;apos;swift_code&amp;apos; is required when payment method is &amp;apos;SWIFT&amp;apos;&amp;quot;}]">
      <![CDATA[java.lang.AssertionError: expected [1] but found [{"error":"'swift_code' is required when payment method is 'SWIFT'"}]
	at xuxiaochan.test.airwallex.BankInfoEndpointTest.bankInfoCollectEndpointRequest(BankInfoEndpointTest.java:90)
... Removed 40 stack frames]]>
    </failure>
  </testcase> <!--  -->
  <testcase name="" time="0.615" classname="xuxiaochan.test.airwallex.BankInfoEndpointTest">
    <failure type="java.lang.AssertionError" message="expected [1] but found [{&amp;quot;error&amp;quot;:&amp;quot;&amp;apos;swift_code&amp;apos; is required when payment method is &amp;apos;SWIFT&amp;apos;&amp;quot;}]">
      <![CDATA[java.lang.AssertionError: expected [1] but found [{"error":"'swift_code' is required when payment method is 'SWIFT'"}]
	at xuxiaochan.test.airwallex.BankInfoEndpointTest.bankInfoCollectEndpointRequest(BankInfoEndpointTest.java:90)
... Removed 40 stack frames]]>
    </failure>
  </testcase> <!--  -->
  <testcase name="" time="0.84" classname="xuxiaochan.test.airwallex.BankInfoEndpointTest">
    <failure type="java.lang.AssertionError" message="expected [1] but found [{&amp;quot;error&amp;quot;:&amp;quot;Length of account_number should be between 7 and 11 when bank_country_code is &amp;apos;US&amp;apos;&amp;quot;}]">
      <![CDATA[java.lang.AssertionError: expected [1] but found [{"error":"Length of account_number should be between 7 and 11 when bank_country_code is 'US'"}]
	at xuxiaochan.test.airwallex.BankInfoEndpointTest.bankInfoCollectEndpointRequest(BankInfoEndpointTest.java:90)
... Removed 40 stack frames]]>
    </failure>
  </testcase> <!--  -->
  <testcase name="" time="0.715" classname="xuxiaochan.test.airwallex.BankInfoEndpointTest">
    <failure type="java.lang.AssertionError" message="expected [1] but found [{&amp;quot;error&amp;quot;:&amp;quot;Length of account_number should be between 7 and 11 when bank_country_code is &amp;apos;US&amp;apos;&amp;quot;}]">
      <![CDATA[java.lang.AssertionError: expected [1] but found [{"error":"Length of account_number should be between 7 and 11 when bank_country_code is 'US'"}]
	at xuxiaochan.test.airwallex.BankInfoEndpointTest.bankInfoCollectEndpointRequest(BankInfoEndpointTest.java:90)
... Removed 40 stack frames]]>
    </failure>
  </testcase> <!--  -->
  <testcase name="" time="0.715" classname="xuxiaochan.test.airwallex.BankInfoEndpointTest">
    <failure type="java.lang.AssertionError" message="expected [1] but found [{&amp;quot;error&amp;quot;:&amp;quot;The swift code is not valid for the given bank country code: US&amp;quot;}]">
      <![CDATA[java.lang.AssertionError: expected [1] but found [{"error":"The swift code is not valid for the given bank country code: US"}]
	at xuxiaochan.test.airwallex.BankInfoEndpointTest.bankInfoCollectEndpointRequest(BankInfoEndpointTest.java:90)
... Removed 40 stack frames]]>
    </failure>
  </testcase> <!--  -->
  <testcase name="" time="0.614" classname="xuxiaochan.test.airwallex.BankInfoEndpointTest">
    <failure type="java.lang.AssertionError" message="expected [1] but found [{&amp;quot;error&amp;quot;:&amp;quot;&amp;apos;swift_code&amp;apos; is required when payment method is &amp;apos;SWIFT&amp;apos;&amp;quot;}]">
      <![CDATA[java.lang.AssertionError: expected [1] but found [{"error":"'swift_code' is required when payment method is 'SWIFT'"}]
	at xuxiaochan.test.airwallex.BankInfoEndpointTest.bankInfoCollectEndpointRequest(BankInfoEndpointTest.java:90)
... Removed 40 stack frames]]>
    </failure>
  </testcase> <!--  -->
  <testcase name="" time="0.715" classname="xuxiaochan.test.airwallex.BankInfoEndpointTest">
    <failure type="java.lang.AssertionError" message="expected [1] but found [{&amp;quot;error&amp;quot;:&amp;quot;&amp;apos;swift_code&amp;apos; is required when payment method is &amp;apos;SWIFT&amp;apos;&amp;quot;}]">
      <![CDATA[java.lang.AssertionError: expected [1] but found [{"error":"'swift_code' is required when payment method is 'SWIFT'"}]
	at xuxiaochan.test.airwallex.BankInfoEndpointTest.bankInfoCollectEndpointRequest(BankInfoEndpointTest.java:90)
... Removed 40 stack frames]]>
    </failure>
  </testcase> <!--  -->
  <testcase name="" time="0.716" classname="xuxiaochan.test.airwallex.BankInfoEndpointTest">
    <failure type="java.lang.AssertionError" message="expected [true] but found [false]">
      <![CDATA[java.lang.AssertionError: expected [true] but found [false]
	at xuxiaochan.test.airwallex.BankInfoEndpointTest.bankInfoCollectEndpointRequest(BankInfoEndpointTest.java:89)
... Removed 38 stack frames]]>
    </failure>
  </testcase> <!--  -->
  <testcase name="" time="0.716" classname="xuxiaochan.test.airwallex.BankInfoEndpointTest">
    <failure type="java.lang.AssertionError" message="expected [true] but found [false]">
      <![CDATA[java.lang.AssertionError: expected [true] but found [false]
	at xuxiaochan.test.airwallex.BankInfoEndpointTest.bankInfoCollectEndpointRequest(BankInfoEndpointTest.java:89)
... Removed 38 stack frames]]>
    </failure>
  </testcase> <!--  -->
  <testcase name="" time="0.716" classname="xuxiaochan.test.airwallex.BankInfoEndpointTest">
    <failure type="java.lang.AssertionError" message="expected [true] but found [false]">
      <![CDATA[java.lang.AssertionError: expected [true] but found [false]
	at xuxiaochan.test.airwallex.BankInfoEndpointTest.bankInfoCollectEndpointRequest(BankInfoEndpointTest.java:89)
... Removed 38 stack frames]]>
    </failure>
  </testcase> <!--  -->
</testsuite> <!-- Command line test -->
