<!DOCTYPE html PUBLIC "-//W3C//DTD XHTML 1.1//EN" "http://www.w3.org/TR/xhtml11/DTD/xhtml11.dtd">
<html xmlns="http://www.w3.org/1999/xhtml"><head><title>TestNG Report</title><style type="text/css">table {margin-bottom:10px;border-collapse:collapse;empty-cells:show}th,td {border:1px solid #009;padding:.25em .5em}th {vertical-align:bottom}td {vertical-align:top}table a {font-weight:bold}.stripe td {background-color: #E6EBF9}.num {text-align:right}.passedodd td {background-color: #3F3}.passedeven td {background-color: #0A0}.skippedodd td {background-color: #DDD}.skippedeven td {background-color: #CCC}.failedodd td,.attn {background-color: #F33}.failedeven td,.stripe .attn {background-color: #D00}.stacktrace {white-space:pre;font-family:monospace}.totop {font-size:85%;text-align:center;border-bottom:2px solid #000}</style></head><body><table><tr><th>Test</th><th># Passed</th><th># Skipped</th><th># Failed</th><th>Time (ms)</th><th>Included Groups</th><th>Excluded Groups</th></tr><tr><th colspan="7">Command line suite</th></tr><tr><td><a href="#t0">Command line test</a></td><td class="num">1</td><td class="num">0</td><td class="num attn">52</td><td class="num">39,685</td><td></td><td></td></tr></table><table><thead><tr><th>Class</th><th>Method</th><th>Start</th><th>Time (ms)</th></tr></thead><tbody><tr><th colspan="4">Command line suite</th></tr></tbody><tbody id="t0"><tr><th colspan="4">Command line test &#8212; failed</th></tr><tr class="failedeven"><td rowspan="52">xuxiaochan.test.airwallex.BankInfoEndpointTest</td><td><a href="#m0">bankInfoCollectEndpointRequest</a></td><td rowspan="52">1563704845069</td><td rowspan="52">716</td></tr><tr class="failedeven"><td><a href="#m1">bankInfoCollectEndpointRequest</a></td></tr><tr class="failedeven"><td><a href="#m2">bankInfoCollectEndpointRequest</a></td></tr><tr class="failedeven"><td><a href="#m3">bankInfoCollectEndpointRequest</a></td></tr><tr class="failedeven"><td><a href="#m4">bankInfoCollectEndpointRequest</a></td></tr><tr class="failedeven"><td><a href="#m5">bankInfoCollectEndpointRequest</a></td></tr><tr class="failedeven"><td><a href="#m6">bankInfoCollectEndpointRequest</a></td></tr><tr class="failedeven"><td><a href="#m7">bankInfoCollectEndpointRequest</a></td></tr><tr class="failedeven"><td><a href="#m8">bankInfoCollectEndpointRequest</a></td></tr><tr class="failedeven"><td><a href="#m9">bankInfoCollectEndpointRequest</a></td></tr><tr class="failedeven"><td><a href="#m10">bankInfoCollectEndpointRequest</a></td></tr><tr class="failedeven"><td><a href="#m11">bankInfoCollectEndpointRequest</a></td></tr><tr class="failedeven"><td><a href="#m12">bankInfoCollectEndpointRequest</a></td></tr><tr class="failedeven"><td><a href="#m13">bankInfoCollectEndpointRequest</a></td></tr><tr class="failedeven"><td><a href="#m14">bankInfoCollectEndpointRequest</a></td></tr><tr class="failedeven"><td><a href="#m15">bankInfoCollectEndpointRequest</a></td></tr><tr class="failedeven"><td><a href="#m16">bankInfoCollectEndpointRequest</a></td></tr><tr class="failedeven"><td><a href="#m17">bankInfoCollectEndpointRequest</a></td></tr><tr class="failedeven"><td><a href="#m18">bankInfoCollectEndpointRequest</a></td></tr><tr class="failedeven"><td><a href="#m19">bankInfoCollectEndpointRequest</a></td></tr><tr class="failedeven"><td><a href="#m20">bankInfoCollectEndpointRequest</a></td></tr><tr class="failedeven"><td><a href="#m21">bankInfoCollectEndpointRequest</a></td></tr><tr class="failedeven"><td><a href="#m22">bankInfoCollectEndpointRequest</a></td></tr><tr class="failedeven"><td><a href="#m23">bankInfoCollectEndpointRequest</a></td></tr><tr class="failedeven"><td><a href="#m24">bankInfoCollectEndpointRequest</a></td></tr><tr class="failedeven"><td><a href="#m25">bankInfoCollectEndpointRequest</a></td></tr><tr class="failedeven"><td><a href="#m26">bankInfoCollectEndpointRequest</a></td></tr><tr class="failedeven"><td><a href="#m27">bankInfoCollectEndpointRequest</a></td></tr><tr class="failedeven"><td><a href="#m28">bankInfoCollectEndpointRequest</a></td></tr><tr class="failedeven"><td><a href="#m29">bankInfoCollectEndpointRequest</a></td></tr><tr class="failedeven"><td><a href="#m30">bankInfoCollectEndpointRequest</a></td></tr><tr class="failedeven"><td><a href="#m31">bankInfoCollectEndpointRequest</a></td></tr><tr class="failedeven"><td><a href="#m32">bankInfoCollectEndpointRequest</a></td></tr><tr class="failedeven"><td><a href="#m33">bankInfoCollectEndpointRequest</a></td></tr><tr class="failedeven"><td><a href="#m34">bankInfoCollectEndpointRequest</a></td></tr><tr class="failedeven"><td><a href="#m35">bankInfoCollectEndpointRequest</a></td></tr><tr class="failedeven"><td><a href="#m36">bankInfoCollectEndpointRequest</a></td></tr><tr class="failedeven"><td><a href="#m37">bankInfoCollectEndpointRequest</a></td></tr><tr class="failedeven"><td><a href="#m38">bankInfoCollectEndpointRequest</a></td></tr><tr class="failedeven"><td><a href="#m39">bankInfoCollectEndpointRequest</a></td></tr><tr class="failedeven"><td><a href="#m40">bankInfoCollectEndpointRequest</a></td></tr><tr class="failedeven"><td><a href="#m41">bankInfoCollectEndpointRequest</a></td></tr><tr class="failedeven"><td><a href="#m42">bankInfoCollectEndpointRequest</a></td></tr><tr class="failedeven"><td><a href="#m43">bankInfoCollectEndpointRequest</a></td></tr><tr class="failedeven"><td><a href="#m44">bankInfoCollectEndpointRequest</a></td></tr><tr class="failedeven"><td><a href="#m45">bankInfoCollectEndpointRequest</a></td></tr><tr class="failedeven"><td><a href="#m46">bankInfoCollectEndpointRequest</a></td></tr><tr class="failedeven"><td><a href="#m47">bankInfoCollectEndpointRequest</a></td></tr><tr class="failedeven"><td><a href="#m48">bankInfoCollectEndpointRequest</a></td></tr><tr class="failedeven"><td><a href="#m49">bankInfoCollectEndpointRequest</a></td></tr><tr class="failedeven"><td><a href="#m50">bankInfoCollectEndpointRequest</a></td></tr><tr class="failedeven"><td><a href="#m51">bankInfoCollectEndpointRequest</a></td></tr><tr><th colspan="4">Command line test &#8212; passed</th></tr><tr class="passedeven"><td rowspan="1">xuxiaochan.test.airwallex.BankInfoEndpointTest</td><td><a href="#m52">bankInfoCollectEndpointRequest</a></td><td rowspan="1">1563704825074</td><td rowspan="1">1265</td></tr></tbody></table><h2>Command line test</h2><h3 id="m0">xuxiaochan.test.airwallex.BankInfoEndpointTest#bankInfoCollectEndpointRequest</h3><table class="result"><tr class="param"><th>Parameter #1</th><th>Parameter #2</th><th>Parameter #3</th><th>Parameter #4</th><th>Parameter #5</th><th>Parameter #6</th><th>Parameter #7</th><th>Parameter #8</th><th>Parameter #9</th><th>Parameter #10</th><th>Parameter #11</th><th>Parameter #12</th><th>Parameter #13</th><th>Parameter #14</th><th>Parameter #15</th><th>Parameter #16</th><th>Parameter #17</th></tr><tr class="param stripe"><td>the 5th character of swift_code validate when bank_country_code is CN: fail</td><td>payment_method</td><td>SWIFT</td><td>bank_country_code</td><td>CN</td><td>account_name</td><td>John Smith</td><td>account_number</td><td>1234567890</td><td>swift_code</td><td>ICBCBNBJ</td><td>V_bob</td><td></td><td>aba</td><td>11122233A</td><td>400</td><td>1</td></tr><tr><th colspan="17">Exception</th></tr><tr><td colspan="17"><div class="stacktrace">java.lang.AssertionError: expected [1] but found [{&quot;error&quot;:&quot;Length of account_number should be between 7 and 11 when bank_country_code is &apos;US&apos;&quot;}]
	at xuxiaochan.test.airwallex.BankInfoEndpointTest.bankInfoCollectEndpointRequest(BankInfoEndpointTest.java:90)
... Removed 40 stack frames</div></td></tr></table><p class="totop"><a href="#summary">back to summary</a></p><h3 id="m1">xuxiaochan.test.airwallex.BankInfoEndpointTest#bankInfoCollectEndpointRequest</h3><table class="result"><tr class="param"><th>Parameter #1</th><th>Parameter #2</th><th>Parameter #3</th><th>Parameter #4</th><th>Parameter #5</th><th>Parameter #6</th><th>Parameter #7</th><th>Parameter #8</th><th>Parameter #9</th><th>Parameter #10</th><th>Parameter #11</th><th>Parameter #12</th><th>Parameter #13</th><th>Parameter #14</th><th>Parameter #15</th><th>Parameter #16</th><th>Parameter #17</th></tr><tr class="param stripe"><td>mandatory field of bsb validate when bank_country_code is AU: pass</td><td>payment_method</td><td>SWIFT</td><td>bank_country_code</td><td>AU</td><td>account_name</td><td>John Smith</td><td>account_number</td><td>1234567890</td><td>invalid_swift_code</td><td>ICBCUSBJ</td><td>bob</td><td>aabuyt</td><td>aba</td><td>11122233A</td><td>400</td><td>1</td></tr><tr><th colspan="17">Exception</th></tr><tr><td colspan="17"><div class="stacktrace">java.lang.AssertionError: expected [1] but found [{&quot;error&quot;:&quot;Length of account_number should be between 7 and 11 when bank_country_code is &apos;US&apos;&quot;}]
	at xuxiaochan.test.airwallex.BankInfoEndpointTest.bankInfoCollectEndpointRequest(BankInfoEndpointTest.java:90)
... Removed 40 stack frames</div></td></tr></table><p class="totop"><a href="#summary">back to summary</a></p><h3 id="m2">xuxiaochan.test.airwallex.BankInfoEndpointTest#bankInfoCollectEndpointRequest</h3><table class="result"><tr class="param"><th>Parameter #1</th><th>Parameter #2</th><th>Parameter #3</th><th>Parameter #4</th><th>Parameter #5</th><th>Parameter #6</th><th>Parameter #7</th><th>Parameter #8</th><th>Parameter #9</th><th>Parameter #10</th><th>Parameter #11</th><th>Parameter #12</th><th>Parameter #13</th><th>Parameter #14</th><th>Parameter #15</th><th>Parameter #16</th><th>Parameter #17</th></tr><tr class="param stripe"><td>the 5th character of swift_code validate when bank_country_code is AU: fail</td><td>payment_method</td><td>SWIFT</td><td>bank_country_code</td><td>AU</td><td>account_name</td><td>John Smith</td><td>account_number</td><td>1234567890</td><td>swift_code</td><td>ICBCBUBJ</td><td>V_bob</td><td></td><td>aba</td><td>11122233A</td><td>400</td><td>1</td></tr><tr><th colspan="17">Exception</th></tr><tr><td colspan="17"><div class="stacktrace">java.lang.AssertionError: expected [1] but found [{&quot;error&quot;:&quot;Length of account_number should be between 7 and 11 when bank_country_code is &apos;US&apos;&quot;}]
	at xuxiaochan.test.airwallex.BankInfoEndpointTest.bankInfoCollectEndpointRequest(BankInfoEndpointTest.java:90)
... Removed 40 stack frames</div></td></tr></table><p class="totop"><a href="#summary">back to summary</a></p><h3 id="m3">xuxiaochan.test.airwallex.BankInfoEndpointTest#bankInfoCollectEndpointRequest</h3><table class="result"><tr class="param"><th>Parameter #1</th><th>Parameter #2</th><th>Parameter #3</th><th>Parameter #4</th><th>Parameter #5</th><th>Parameter #6</th><th>Parameter #7</th><th>Parameter #8</th><th>Parameter #9</th><th>Parameter #10</th><th>Parameter #11</th><th>Parameter #12</th><th>Parameter #13</th><th>Parameter #14</th><th>Parameter #15</th><th>Parameter #16</th><th>Parameter #17</th></tr><tr class="param stripe"><td>length of account_number validate when bank_country_code is AU: 9</td><td>payment_method</td><td>SWIFT</td><td>bank_country_code</td><td>AU</td><td>account_name</td><td>John Smith</td><td>account_number</td><td>123</td><td>swift_code</td><td>ICBCUSBJ</td><td>V_bob</td><td></td><td>aba</td><td>11122233A</td><td>400</td><td>1</td></tr><tr><th colspan="17">Exception</th></tr><tr><td colspan="17"><div class="stacktrace">java.lang.AssertionError: expected [1] but found [{&quot;error&quot;:&quot;Length of account_number should be between 7 and 11 when bank_country_code is &apos;US&apos;&quot;}]
	at xuxiaochan.test.airwallex.BankInfoEndpointTest.bankInfoCollectEndpointRequest(BankInfoEndpointTest.java:90)
... Removed 41 stack frames</div></td></tr></table><p class="totop"><a href="#summary">back to summary</a></p><h3 id="m4">xuxiaochan.test.airwallex.BankInfoEndpointTest#bankInfoCollectEndpointRequest</h3><table class="result"><tr class="param"><th>Parameter #1</th><th>Parameter #2</th><th>Parameter #3</th><th>Parameter #4</th><th>Parameter #5</th><th>Parameter #6</th><th>Parameter #7</th><th>Parameter #8</th><th>Parameter #9</th><th>Parameter #10</th><th>Parameter #11</th><th>Parameter #12</th><th>Parameter #13</th><th>Parameter #14</th><th>Parameter #15</th><th>Parameter #16</th><th>Parameter #17</th></tr><tr class="param stripe"><td>length of account_number validate when bank_country_code is AU: 10</td><td>payment_method</td><td>SWIFT</td><td>bank_country_code</td><td>AU</td><td>account_name</td><td>John Smith</td><td>account_number</td><td>123</td><td>swift_code</td><td>ICBCUSBJ</td><td>V_bob</td><td></td><td>aba</td><td>11122233A</td><td>400</td><td>1</td></tr><tr><th colspan="17">Exception</th></tr><tr><td colspan="17"><div class="stacktrace">java.lang.AssertionError: expected [1] but found [{&quot;error&quot;:&quot;Length of account_number should be between 7 and 11 when bank_country_code is &apos;US&apos;&quot;}]
	at xuxiaochan.test.airwallex.BankInfoEndpointTest.bankInfoCollectEndpointRequest(BankInfoEndpointTest.java:90)
... Removed 41 stack frames</div></td></tr></table><p class="totop"><a href="#summary">back to summary</a></p><h3 id="m5">xuxiaochan.test.airwallex.BankInfoEndpointTest#bankInfoCollectEndpointRequest</h3><table class="result"><tr class="param"><th>Parameter #1</th><th>Parameter #2</th><th>Parameter #3</th><th>Parameter #4</th><th>Parameter #5</th><th>Parameter #6</th><th>Parameter #7</th><th>Parameter #8</th><th>Parameter #9</th><th>Parameter #10</th><th>Parameter #11</th><th>Parameter #12</th><th>Parameter #13</th><th>Parameter #14</th><th>Parameter #15</th><th>Parameter #16</th><th>Parameter #17</th></tr><tr class="param stripe"><td>length of account_number validate when bank_country_code is US: 1</td><td>payment_method</td><td>SWIFT</td><td>bank_country_code</td><td>US</td><td>account_name</td><td>John Smith</td><td>account_number</td><td>1</td><td>swift_code</td><td>ICBCUSBJ</td><td>V_bob</td><td></td><td>aba</td><td>11122233A</td><td>400</td><td>1</td></tr><tr><th colspan="17">Exception</th></tr><tr><td colspan="17"><div class="stacktrace">java.lang.AssertionError: expected [true] but found [false]
	at xuxiaochan.test.airwallex.BankInfoEndpointTest.bankInfoCollectEndpointRequest(BankInfoEndpointTest.java:89)
... Removed 39 stack frames</div></td></tr></table><p class="totop"><a href="#summary">back to summary</a></p><h3 id="m6">xuxiaochan.test.airwallex.BankInfoEndpointTest#bankInfoCollectEndpointRequest</h3><table class="result"><tr class="param"><th>Parameter #1</th><th>Parameter #2</th><th>Parameter #3</th><th>Parameter #4</th><th>Parameter #5</th><th>Parameter #6</th><th>Parameter #7</th><th>Parameter #8</th><th>Parameter #9</th><th>Parameter #10</th><th>Parameter #11</th><th>Parameter #12</th><th>Parameter #13</th><th>Parameter #14</th><th>Parameter #15</th><th>Parameter #16</th><th>Parameter #17</th></tr><tr class="param stripe"><td>length of account_number validate when bank_country_code is CN: 20</td><td>payment_method</td><td>SWIFT</td><td>bank_country_code</td><td>CN</td><td>account_name</td><td>John Smith</td><td>account_number</td><td>123</td><td>swift_code</td><td>ICBCUSBJ</td><td>V_bob</td><td></td><td>aba</td><td>11122233A</td><td>400</td><td>1</td></tr><tr><th colspan="17">Exception</th></tr><tr><td colspan="17"><div class="stacktrace">java.lang.AssertionError: expected [1] but found [{&quot;error&quot;:&quot;Length of account_number should be between 7 and 11 when bank_country_code is &apos;US&apos;&quot;}]
	at xuxiaochan.test.airwallex.BankInfoEndpointTest.bankInfoCollectEndpointRequest(BankInfoEndpointTest.java:90)
... Removed 41 stack frames</div></td></tr></table><p class="totop"><a href="#summary">back to summary</a></p><h3 id="m7">xuxiaochan.test.airwallex.BankInfoEndpointTest#bankInfoCollectEndpointRequest</h3><table class="result"><tr class="param"><th>Parameter #1</th><th>Parameter #2</th><th>Parameter #3</th><th>Parameter #4</th><th>Parameter #5</th><th>Parameter #6</th><th>Parameter #7</th><th>Parameter #8</th><th>Parameter #9</th><th>Parameter #10</th><th>Parameter #11</th><th>Parameter #12</th><th>Parameter #13</th><th>Parameter #14</th><th>Parameter #15</th><th>Parameter #16</th><th>Parameter #17</th></tr><tr class="param stripe"><td>length of aba field validate: 10</td><td>payment_method</td><td>SWIFT</td><td>bank_country_code</td><td>US</td><td>account_name</td><td>John Smith</td><td>account_number</td><td>1234567890</td><td>invalid_swift_code</td><td>ICBCAUBJ</td><td>bob</td><td>aacrtu</td><td>aba</td><td>11122233AB</td><td>400</td><td>1</td></tr><tr><th colspan="17">Exception</th></tr><tr><td colspan="17"><div class="stacktrace">java.lang.AssertionError: expected [1] but found [{&quot;error&quot;:&quot;&apos;swift_code&apos; is required when payment method is &apos;SWIFT&apos;&quot;}]
	at xuxiaochan.test.airwallex.BankInfoEndpointTest.bankInfoCollectEndpointRequest(BankInfoEndpointTest.java:90)
... Removed 40 stack frames</div></td></tr></table><p class="totop"><a href="#summary">back to summary</a></p><h3 id="m8">xuxiaochan.test.airwallex.BankInfoEndpointTest#bankInfoCollectEndpointRequest</h3><table class="result"><tr class="param"><th>Parameter #1</th><th>Parameter #2</th><th>Parameter #3</th><th>Parameter #4</th><th>Parameter #5</th><th>Parameter #6</th><th>Parameter #7</th><th>Parameter #8</th><th>Parameter #9</th><th>Parameter #10</th><th>Parameter #11</th><th>Parameter #12</th><th>Parameter #13</th><th>Parameter #14</th><th>Parameter #15</th><th>Parameter #16</th><th>Parameter #17</th></tr><tr class="param stripe"><td>mandatory field of swift_code validate when bank_country_code is SWIFT: swift_code</td><td>payment_method</td><td>SWIFT</td><td>bank_country_code</td><td>US</td><td>account_name</td><td>John Smith</td><td>account_number</td><td>1234567890</td><td>invalid_swift_code</td><td>ICBCUSBJ</td><td>V_bob</td><td></td><td>aba</td><td>11122233A</td><td>400</td><td>1</td></tr><tr><th colspan="17">Exception</th></tr><tr><td colspan="17"><div class="stacktrace">java.lang.AssertionError: expected [1] but found [{&quot;error&quot;:&quot;&apos;swift_code&apos; is required when payment method is &apos;SWIFT&apos;&quot;}]
	at xuxiaochan.test.airwallex.BankInfoEndpointTest.bankInfoCollectEndpointRequest(BankInfoEndpointTest.java:90)
... Removed 40 stack frames</div></td></tr></table><p class="totop"><a href="#summary">back to summary</a></p><h3 id="m9">xuxiaochan.test.airwallex.BankInfoEndpointTest#bankInfoCollectEndpointRequest</h3><table class="result"><tr class="param"><th>Parameter #1</th><th>Parameter #2</th><th>Parameter #3</th><th>Parameter #4</th><th>Parameter #5</th><th>Parameter #6</th><th>Parameter #7</th><th>Parameter #8</th><th>Parameter #9</th><th>Parameter #10</th><th>Parameter #11</th><th>Parameter #12</th><th>Parameter #13</th><th>Parameter #14</th><th>Parameter #15</th><th>Parameter #16</th><th>Parameter #17</th></tr><tr class="param stripe"><td>optional field of swift_code validate when bank_country_code is LOCAL: swift_code</td><td>payment_method</td><td>LOCAL</td><td>bank_country_code</td><td>US</td><td>account_name</td><td>John Smith</td><td>account_number</td><td>1234567890</td><td>invalid_swift_code</td><td>ICBCUSBJ</td><td>V_bob</td><td></td><td>aba</td><td>11122233A</td><td>400</td><td>1</td></tr><tr><th colspan="17">Exception</th></tr><tr><td colspan="17"><div class="stacktrace">java.lang.AssertionError: expected [true] but found [false]
	at xuxiaochan.test.airwallex.BankInfoEndpointTest.bankInfoCollectEndpointRequest(BankInfoEndpointTest.java:89)
... Removed 38 stack frames</div></td></tr></table><p class="totop"><a href="#summary">back to summary</a></p><h3 id="m10">xuxiaochan.test.airwallex.BankInfoEndpointTest#bankInfoCollectEndpointRequest</h3><table class="result"><tr class="param"><th>Parameter #1</th><th>Parameter #2</th><th>Parameter #3</th><th>Parameter #4</th><th>Parameter #5</th><th>Parameter #6</th><th>Parameter #7</th><th>Parameter #8</th><th>Parameter #9</th><th>Parameter #10</th><th>Parameter #11</th><th>Parameter #12</th><th>Parameter #13</th><th>Parameter #14</th><th>Parameter #15</th><th>Parameter #16</th><th>Parameter #17</th></tr><tr class="param stripe"><td>mandatory field of aba validate when bank_country_code is US: fail</td><td>payment_method</td><td>SWIFT</td><td>bank_country_code</td><td>AU</td><td>account_name</td><td>John Smith</td><td>account_number</td><td>1234567890</td><td>invalid_swift_code</td><td>ICBCUSBJ</td><td>V_bob</td><td>aacrtu</td><td>invalid_aba</td><td>11122233A</td><td>400</td><td>1</td></tr><tr><th colspan="17">Exception</th></tr><tr><td colspan="17"><div class="stacktrace">java.lang.AssertionError: expected [1] but found [{&quot;error&quot;:&quot;Length of account_number should be between 7 and 11 when bank_country_code is &apos;US&apos;&quot;}]
	at xuxiaochan.test.airwallex.BankInfoEndpointTest.bankInfoCollectEndpointRequest(BankInfoEndpointTest.java:90)
... Removed 40 stack frames</div></td></tr></table><p class="totop"><a href="#summary">back to summary</a></p><h3 id="m11">xuxiaochan.test.airwallex.BankInfoEndpointTest#bankInfoCollectEndpointRequest</h3><table class="result"><tr class="param"><th>Parameter #1</th><th>Parameter #2</th><th>Parameter #3</th><th>Parameter #4</th><th>Parameter #5</th><th>Parameter #6</th><th>Parameter #7</th><th>Parameter #8</th><th>Parameter #9</th><th>Parameter #10</th><th>Parameter #11</th><th>Parameter #12</th><th>Parameter #13</th><th>Parameter #14</th><th>Parameter #15</th><th>Parameter #16</th><th>Parameter #17</th></tr><tr class="param stripe"><td>mandatory field of aba validate when bank_country_code is US: pass</td><td>payment_method</td><td>SWIFT</td><td>bank_country_code</td><td>AU</td><td>account_name</td><td>John Smith</td><td>account_number</td><td>1234567890</td><td>invalid_swift_code</td><td>ICBCUSBJ</td><td>bob</td><td>aabuyt</td><td>aba</td><td>11122233A</td><td>400</td><td>1</td></tr><tr><th colspan="17">Exception</th></tr><tr><td colspan="17"><div class="stacktrace">java.lang.AssertionError: expected [1] but found [{&quot;error&quot;:&quot;Length of account_number should be between 7 and 11 when bank_country_code is &apos;US&apos;&quot;}]
	at xuxiaochan.test.airwallex.BankInfoEndpointTest.bankInfoCollectEndpointRequest(BankInfoEndpointTest.java:90)
... Removed 40 stack frames</div></td></tr></table><p class="totop"><a href="#summary">back to summary</a></p><h3 id="m12">xuxiaochan.test.airwallex.BankInfoEndpointTest#bankInfoCollectEndpointRequest</h3><table class="result"><tr class="param"><th>Parameter #1</th><th>Parameter #2</th><th>Parameter #3</th><th>Parameter #4</th><th>Parameter #5</th><th>Parameter #6</th><th>Parameter #7</th><th>Parameter #8</th><th>Parameter #9</th><th>Parameter #10</th><th>Parameter #11</th><th>Parameter #12</th><th>Parameter #13</th><th>Parameter #14</th><th>Parameter #15</th><th>Parameter #16</th><th>Parameter #17</th></tr><tr class="param stripe"><td>optional field of bsb validate when bank_country_code is US: pass</td><td>payment_method</td><td>SWIFT</td><td>bank_country_code</td><td>US</td><td>account_name</td><td>John Smith</td><td>account_number</td><td>1234567890</td><td>invalid_swift_code</td><td>ICBCUSBJ</td><td>invalid_bob</td><td>hsjaha</td><td>abajuy</td><td>11122233A</td><td>400</td><td>1</td></tr><tr><th colspan="17">Exception</th></tr><tr><td colspan="17"><div class="stacktrace">java.lang.AssertionError: expected [1] but found [{&quot;error&quot;:&quot;&apos;swift_code&apos; is required when payment method is &apos;SWIFT&apos;&quot;}]
	at xuxiaochan.test.airwallex.BankInfoEndpointTest.bankInfoCollectEndpointRequest(BankInfoEndpointTest.java:90)
... Removed 40 stack frames</div></td></tr></table><p class="totop"><a href="#summary">back to summary</a></p><h3 id="m13">xuxiaochan.test.airwallex.BankInfoEndpointTest#bankInfoCollectEndpointRequest</h3><table class="result"><tr class="param"><th>Parameter #1</th><th>Parameter #2</th><th>Parameter #3</th><th>Parameter #4</th><th>Parameter #5</th><th>Parameter #6</th><th>Parameter #7</th><th>Parameter #8</th><th>Parameter #9</th><th>Parameter #10</th><th>Parameter #11</th><th>Parameter #12</th><th>Parameter #13</th><th>Parameter #14</th><th>Parameter #15</th><th>Parameter #16</th><th>Parameter #17</th></tr><tr class="param stripe"><td>the 5th and 6th characters of swift_code validate when bank_country_code is US: pass</td><td>payment_method</td><td>SWIFT</td><td>bank_country_code</td><td>US</td><td>account_name</td><td>John Smith</td><td>account_number</td><td>123</td><td>swift_code</td><td>ICBCUSBJ</td><td>V_bob</td><td></td><td>aba</td><td>11122233A</td><td>400</td><td>1</td></tr><tr><th colspan="17">Exception</th></tr><tr><td colspan="17"><div class="stacktrace">java.lang.AssertionError: expected [true] but found [false]
	at xuxiaochan.test.airwallex.BankInfoEndpointTest.bankInfoCollectEndpointRequest(BankInfoEndpointTest.java:89)
... Removed 38 stack frames</div></td></tr></table><p class="totop"><a href="#summary">back to summary</a></p><h3 id="m14">xuxiaochan.test.airwallex.BankInfoEndpointTest#bankInfoCollectEndpointRequest</h3><table class="result"><tr class="param"><th>Parameter #1</th><th>Parameter #2</th><th>Parameter #3</th><th>Parameter #4</th><th>Parameter #5</th><th>Parameter #6</th><th>Parameter #7</th><th>Parameter #8</th><th>Parameter #9</th><th>Parameter #10</th><th>Parameter #11</th><th>Parameter #12</th><th>Parameter #13</th><th>Parameter #14</th><th>Parameter #15</th><th>Parameter #16</th><th>Parameter #17</th></tr><tr class="param stripe"><td></td><td>payment_method</td><td>SWIFT</td><td>bank_country_code</td><td>US</td><td>account_name</td><td>John Smith</td><td>account_number</td><td>123</td><td>swift_code</td><td>ICBCUSBJ</td><td>V_bob</td><td></td><td>aba</td><td>11122233A</td><td>400</td><td>1</td></tr><tr><th colspan="17">Exception</th></tr><tr><td colspan="17"><div class="stacktrace">java.lang.AssertionError: expected [true] but found [false]
	at xuxiaochan.test.airwallex.BankInfoEndpointTest.bankInfoCollectEndpointRequest(BankInfoEndpointTest.java:89)
... Removed 38 stack frames</div></td></tr></table><p class="totop"><a href="#summary">back to summary</a></p><h3 id="m15">xuxiaochan.test.airwallex.BankInfoEndpointTest#bankInfoCollectEndpointRequest</h3><table class="result"><tr class="param"><th>Parameter #1</th><th>Parameter #2</th><th>Parameter #3</th><th>Parameter #4</th><th>Parameter #5</th><th>Parameter #6</th><th>Parameter #7</th><th>Parameter #8</th><th>Parameter #9</th><th>Parameter #10</th><th>Parameter #11</th><th>Parameter #12</th><th>Parameter #13</th><th>Parameter #14</th><th>Parameter #15</th><th>Parameter #16</th><th>Parameter #17</th></tr><tr class="param stripe"><td></td><td>payment_method</td><td>SWIFT</td><td>bank_country_code</td><td>US</td><td>account_name</td><td>John Smith</td><td>account_number</td><td>123</td><td>swift_code</td><td>ICBCUSBJ</td><td>V_bob</td><td></td><td>aba</td><td>11122233A</td><td>400</td><td>1</td></tr><tr><th colspan="17">Exception</th></tr><tr><td colspan="17"><div class="stacktrace">java.lang.AssertionError: expected [true] but found [false]
	at xuxiaochan.test.airwallex.BankInfoEndpointTest.bankInfoCollectEndpointRequest(BankInfoEndpointTest.java:89)
... Removed 38 stack frames</div></td></tr></table><p class="totop"><a href="#summary">back to summary</a></p><h3 id="m16">xuxiaochan.test.airwallex.BankInfoEndpointTest#bankInfoCollectEndpointRequest</h3><table class="result"><tr class="param"><th>Parameter #1</th><th>Parameter #2</th><th>Parameter #3</th><th>Parameter #4</th><th>Parameter #5</th><th>Parameter #6</th><th>Parameter #7</th><th>Parameter #8</th><th>Parameter #9</th><th>Parameter #10</th><th>Parameter #11</th><th>Parameter #12</th><th>Parameter #13</th><th>Parameter #14</th><th>Parameter #15</th><th>Parameter #16</th><th>Parameter #17</th></tr><tr class="param stripe"><td>the 5th and 6th characters of swift_code validate when bank_country_code is AU: pass</td><td>payment_method</td><td>SWIFT</td><td>bank_country_code</td><td>AU</td><td>account_name</td><td>John Smith</td><td>account_number</td><td>123</td><td>swift_code</td><td>ICBCAUBJ</td><td>V_bob</td><td></td><td>aba</td><td>11122233A</td><td>400</td><td>1</td></tr><tr><th colspan="17">Exception</th></tr><tr><td colspan="17"><div class="stacktrace">java.lang.AssertionError: expected [1] but found [{&quot;error&quot;:&quot;Length of account_number should be between 7 and 11 when bank_country_code is &apos;US&apos;&quot;}]
	at xuxiaochan.test.airwallex.BankInfoEndpointTest.bankInfoCollectEndpointRequest(BankInfoEndpointTest.java:90)
... Removed 40 stack frames</div></td></tr></table><p class="totop"><a href="#summary">back to summary</a></p><h3 id="m17">xuxiaochan.test.airwallex.BankInfoEndpointTest#bankInfoCollectEndpointRequest</h3><table class="result"><tr class="param"><th>Parameter #1</th><th>Parameter #2</th><th>Parameter #3</th><th>Parameter #4</th><th>Parameter #5</th><th>Parameter #6</th><th>Parameter #7</th><th>Parameter #8</th><th>Parameter #9</th><th>Parameter #10</th><th>Parameter #11</th><th>Parameter #12</th><th>Parameter #13</th><th>Parameter #14</th><th>Parameter #15</th><th>Parameter #16</th><th>Parameter #17</th></tr><tr class="param stripe"><td>the 6th character of swift_code validate when bank_country_code is CN: fail</td><td>payment_method</td><td>SWIFT</td><td>bank_country_code</td><td>CN</td><td>account_name</td><td>John Smith</td><td>account_number</td><td>1234567890</td><td>swift_code</td><td>ICBCCABJ</td><td>V_bob</td><td></td><td>aba</td><td>11122233A</td><td>400</td><td>1</td></tr><tr><th colspan="17">Exception</th></tr><tr><td colspan="17"><div class="stacktrace">java.lang.AssertionError: expected [1] but found [{&quot;error&quot;:&quot;Length of account_number should be between 7 and 11 when bank_country_code is &apos;US&apos;&quot;}]
	at xuxiaochan.test.airwallex.BankInfoEndpointTest.bankInfoCollectEndpointRequest(BankInfoEndpointTest.java:90)
... Removed 40 stack frames</div></td></tr></table><p class="totop"><a href="#summary">back to summary</a></p><h3 id="m18">xuxiaochan.test.airwallex.BankInfoEndpointTest#bankInfoCollectEndpointRequest</h3><table class="result"><tr class="param"><th>Parameter #1</th><th>Parameter #2</th><th>Parameter #3</th><th>Parameter #4</th><th>Parameter #5</th><th>Parameter #6</th><th>Parameter #7</th><th>Parameter #8</th><th>Parameter #9</th><th>Parameter #10</th><th>Parameter #11</th><th>Parameter #12</th><th>Parameter #13</th><th>Parameter #14</th><th>Parameter #15</th><th>Parameter #16</th><th>Parameter #17</th></tr><tr class="param stripe"><td>the length of swift_code validate: 10</td><td>payment_method</td><td>SWIFT</td><td>bank_country_code</td><td>US</td><td>account_name</td><td>John Smith</td><td>account_number</td><td>1234567890</td><td>swift_code</td><td>ICBCCABUDA</td><td>V_bob</td><td></td><td>aba</td><td>11122233A</td><td>400</td><td>1</td></tr><tr><th colspan="17">Exception</th></tr><tr><td colspan="17"><div class="stacktrace">java.lang.AssertionError: expected [1] but found [{&quot;error&quot;:&quot;The swift code is not valid for the given bank country code: US&quot;}]
	at xuxiaochan.test.airwallex.BankInfoEndpointTest.bankInfoCollectEndpointRequest(BankInfoEndpointTest.java:90)
... Removed 40 stack frames</div></td></tr></table><p class="totop"><a href="#summary">back to summary</a></p><h3 id="m19">xuxiaochan.test.airwallex.BankInfoEndpointTest#bankInfoCollectEndpointRequest</h3><table class="result"><tr class="param"><th>Parameter #1</th><th>Parameter #2</th><th>Parameter #3</th><th>Parameter #4</th><th>Parameter #5</th><th>Parameter #6</th><th>Parameter #7</th><th>Parameter #8</th><th>Parameter #9</th><th>Parameter #10</th><th>Parameter #11</th><th>Parameter #12</th><th>Parameter #13</th><th>Parameter #14</th><th>Parameter #15</th><th>Parameter #16</th><th>Parameter #17</th></tr><tr class="param stripe"><td>length of account_number validate when bank_country_code is CN: 21</td><td>payment_method</td><td>SWIFT</td><td>bank_country_code</td><td>CN</td><td>account_name</td><td>John Smith</td><td>account_number</td><td>123</td><td>swift_code</td><td>ICBCUSBJ</td><td>V_bob</td><td></td><td>aba</td><td>11122233A</td><td>400</td><td>1</td></tr><tr><th colspan="17">Exception</th></tr><tr><td colspan="17"><div class="stacktrace">java.lang.AssertionError: expected [1] but found [{&quot;error&quot;:&quot;Length of account_number should be between 7 and 11 when bank_country_code is &apos;US&apos;&quot;}]
	at xuxiaochan.test.airwallex.BankInfoEndpointTest.bankInfoCollectEndpointRequest(BankInfoEndpointTest.java:90)
... Removed 40 stack frames</div></td></tr></table><p class="totop"><a href="#summary">back to summary</a></p><h3 id="m20">xuxiaochan.test.airwallex.BankInfoEndpointTest#bankInfoCollectEndpointRequest</h3><table class="result"><tr class="param"><th>Parameter #1</th><th>Parameter #2</th><th>Parameter #3</th><th>Parameter #4</th><th>Parameter #5</th><th>Parameter #6</th><th>Parameter #7</th><th>Parameter #8</th><th>Parameter #9</th><th>Parameter #10</th><th>Parameter #11</th><th>Parameter #12</th><th>Parameter #13</th><th>Parameter #14</th><th>Parameter #15</th><th>Parameter #16</th><th>Parameter #17</th></tr><tr class="param stripe"><td>length of abs field validate: 8</td><td>payment_method</td><td>SWIFT</td><td>bank_country_code</td><td>US</td><td>account_name</td><td>John Smith</td><td>account_number</td><td>1234567890</td><td>swift_code</td><td>ICBCAUBJ</td><td>bob</td><td>aacrta</td><td>aba</td><td>11122233</td><td>400</td><td>1</td></tr><tr><th colspan="17">Exception</th></tr><tr><td colspan="17"><div class="stacktrace">java.lang.AssertionError: expected [1] but found [{&quot;error&quot;:&quot;The swift code is not valid for the given bank country code: US&quot;}]
	at xuxiaochan.test.airwallex.BankInfoEndpointTest.bankInfoCollectEndpointRequest(BankInfoEndpointTest.java:90)
... Removed 40 stack frames</div></td></tr></table><p class="totop"><a href="#summary">back to summary</a></p><h3 id="m21">xuxiaochan.test.airwallex.BankInfoEndpointTest#bankInfoCollectEndpointRequest</h3><table class="result"><tr class="param"><th>Parameter #1</th><th>Parameter #2</th><th>Parameter #3</th><th>Parameter #4</th><th>Parameter #5</th><th>Parameter #6</th><th>Parameter #7</th><th>Parameter #8</th><th>Parameter #9</th><th>Parameter #10</th><th>Parameter #11</th><th>Parameter #12</th><th>Parameter #13</th><th>Parameter #14</th><th>Parameter #15</th><th>Parameter #16</th><th>Parameter #17</th></tr><tr class="param stripe"><td>length of bsb field validate: 5</td><td>payment_method</td><td>SWIFT</td><td>bank_country_code</td><td>US</td><td>account_name</td><td>John Smith</td><td>account_number</td><td>1234567890</td><td>swift_code</td><td>ICBCAUBJ</td><td>bob</td><td>aacrt</td><td>aba</td><td>11122233A</td><td>400</td><td>1</td></tr><tr><th colspan="17">Exception</th></tr><tr><td colspan="17"><div class="stacktrace">java.lang.AssertionError: expected [1] but found [{&quot;error&quot;:&quot;The swift code is not valid for the given bank country code: US&quot;}]
	at xuxiaochan.test.airwallex.BankInfoEndpointTest.bankInfoCollectEndpointRequest(BankInfoEndpointTest.java:90)
... Removed 40 stack frames</div></td></tr></table><p class="totop"><a href="#summary">back to summary</a></p><h3 id="m22">xuxiaochan.test.airwallex.BankInfoEndpointTest#bankInfoCollectEndpointRequest</h3><table class="result"><tr class="param"><th>Parameter #1</th><th>Parameter #2</th><th>Parameter #3</th><th>Parameter #4</th><th>Parameter #5</th><th>Parameter #6</th><th>Parameter #7</th><th>Parameter #8</th><th>Parameter #9</th><th>Parameter #10</th><th>Parameter #11</th><th>Parameter #12</th><th>Parameter #13</th><th>Parameter #14</th><th>Parameter #15</th><th>Parameter #16</th><th>Parameter #17</th></tr><tr class="param stripe"><td>the length of swift_code validate: 11</td><td>payment_method</td><td>SWIFT</td><td>bank_country_code</td><td>US</td><td>account_name</td><td>John Smith</td><td>account_number</td><td>1234567890</td><td>swift_code</td><td>ICBCCABJABC</td><td>V_bob</td><td></td><td>aba</td><td>11122233A</td><td>400</td><td>1</td></tr><tr><th colspan="17">Exception</th></tr><tr><td colspan="17"><div class="stacktrace">java.lang.AssertionError: expected [1] but found [{&quot;error&quot;:&quot;The swift code is not valid for the given bank country code: US&quot;}]
	at xuxiaochan.test.airwallex.BankInfoEndpointTest.bankInfoCollectEndpointRequest(BankInfoEndpointTest.java:90)
... Removed 40 stack frames</div></td></tr></table><p class="totop"><a href="#summary">back to summary</a></p><h3 id="m23">xuxiaochan.test.airwallex.BankInfoEndpointTest#bankInfoCollectEndpointRequest</h3><table class="result"><tr class="param"><th>Parameter #1</th><th>Parameter #2</th><th>Parameter #3</th><th>Parameter #4</th><th>Parameter #5</th><th>Parameter #6</th><th>Parameter #7</th><th>Parameter #8</th><th>Parameter #9</th><th>Parameter #10</th><th>Parameter #11</th><th>Parameter #12</th><th>Parameter #13</th><th>Parameter #14</th><th>Parameter #15</th><th>Parameter #16</th><th>Parameter #17</th></tr><tr class="param stripe"><td>length of account_number validate when bank_country_code is US: 17</td><td>payment_method</td><td>SWIFT</td><td>bank_country_code</td><td>US</td><td>account_name</td><td>John Smith</td><td>account_number</td><td>12345698911234567</td><td>swift_code</td><td>ICBCUSBJ</td><td>V_bob</td><td></td><td>aba</td><td>11122233A</td><td>400</td><td>1</td></tr><tr><th colspan="17">Exception</th></tr><tr><td colspan="17"><div class="stacktrace">java.lang.AssertionError: expected [true] but found [false]
	at xuxiaochan.test.airwallex.BankInfoEndpointTest.bankInfoCollectEndpointRequest(BankInfoEndpointTest.java:89)
... Removed 39 stack frames</div></td></tr></table><p class="totop"><a href="#summary">back to summary</a></p><h3 id="m24">xuxiaochan.test.airwallex.BankInfoEndpointTest#bankInfoCollectEndpointRequest</h3><table class="result"><tr class="param"><th>Parameter #1</th><th>Parameter #2</th><th>Parameter #3</th><th>Parameter #4</th><th>Parameter #5</th><th>Parameter #6</th><th>Parameter #7</th><th>Parameter #8</th><th>Parameter #9</th><th>Parameter #10</th><th>Parameter #11</th><th>Parameter #12</th><th>Parameter #13</th><th>Parameter #14</th><th>Parameter #15</th><th>Parameter #16</th><th>Parameter #17</th></tr><tr class="param stripe"><td>length of account_number validate when bank_country_code is CN: 7</td><td>payment_method</td><td>SWIFT</td><td>bank_country_code</td><td>CN</td><td>account_name</td><td>John Smith</td><td>account_number</td><td>123</td><td>swift_code</td><td>ICBCUSBJ</td><td>V_bob</td><td></td><td>aba</td><td>11122233A</td><td>400</td><td>1</td></tr><tr><th colspan="17">Exception</th></tr><tr><td colspan="17"><div class="stacktrace">java.lang.AssertionError: expected [1] but found [{&quot;error&quot;:&quot;Length of account_number should be between 7 and 11 when bank_country_code is &apos;US&apos;&quot;}]
	at xuxiaochan.test.airwallex.BankInfoEndpointTest.bankInfoCollectEndpointRequest(BankInfoEndpointTest.java:90)
... Removed 41 stack frames</div></td></tr></table><p class="totop"><a href="#summary">back to summary</a></p><h3 id="m25">xuxiaochan.test.airwallex.BankInfoEndpointTest#bankInfoCollectEndpointRequest</h3><table class="result"><tr class="param"><th>Parameter #1</th><th>Parameter #2</th><th>Parameter #3</th><th>Parameter #4</th><th>Parameter #5</th><th>Parameter #6</th><th>Parameter #7</th><th>Parameter #8</th><th>Parameter #9</th><th>Parameter #10</th><th>Parameter #11</th><th>Parameter #12</th><th>Parameter #13</th><th>Parameter #14</th><th>Parameter #15</th><th>Parameter #16</th><th>Parameter #17</th></tr><tr class="param stripe"><td>the length of swift_code validate: 7</td><td>payment_method</td><td>SWIFT</td><td>bank_country_code</td><td>US</td><td>account_name</td><td>John Smith</td><td>account_number</td><td>1234567890</td><td>swift_code</td><td>ICBCCAB</td><td>V_bob</td><td></td><td>aba</td><td>11122233A</td><td>400</td><td>1</td></tr><tr><th colspan="17">Exception</th></tr><tr><td colspan="17"><div class="stacktrace">java.lang.AssertionError: expected [1] but found [{&quot;error&quot;:&quot;Length of &apos;swift_code&apos; should be either 8 or 11&quot;}]
	at xuxiaochan.test.airwallex.BankInfoEndpointTest.bankInfoCollectEndpointRequest(BankInfoEndpointTest.java:90)
... Removed 40 stack frames</div></td></tr></table><p class="totop"><a href="#summary">back to summary</a></p><h3 id="m26">xuxiaochan.test.airwallex.BankInfoEndpointTest#bankInfoCollectEndpointRequest</h3><table class="result"><tr class="param"><th>Parameter #1</th><th>Parameter #2</th><th>Parameter #3</th><th>Parameter #4</th><th>Parameter #5</th><th>Parameter #6</th><th>Parameter #7</th><th>Parameter #8</th><th>Parameter #9</th><th>Parameter #10</th><th>Parameter #11</th><th>Parameter #12</th><th>Parameter #13</th><th>Parameter #14</th><th>Parameter #15</th><th>Parameter #16</th><th>Parameter #17</th></tr><tr class="param stripe"><td>the 6th character of swift_code validate when bank_country_code is AU: fail</td><td>payment_method</td><td>SWIFT</td><td>bank_country_code</td><td>AU</td><td>account_name</td><td>John Smith</td><td>account_number</td><td>1234567890</td><td>swift_code</td><td>ICBCAYBJ</td><td>V_bob</td><td></td><td>aba</td><td>11122233A</td><td>400</td><td>1</td></tr><tr><th colspan="17">Exception</th></tr><tr><td colspan="17"><div class="stacktrace">java.lang.AssertionError: expected [1] but found [{&quot;error&quot;:&quot;Length of account_number should be between 7 and 11 when bank_country_code is &apos;US&apos;&quot;}]
	at xuxiaochan.test.airwallex.BankInfoEndpointTest.bankInfoCollectEndpointRequest(BankInfoEndpointTest.java:90)
... Removed 40 stack frames</div></td></tr></table><p class="totop"><a href="#summary">back to summary</a></p><h3 id="m27">xuxiaochan.test.airwallex.BankInfoEndpointTest#bankInfoCollectEndpointRequest</h3><table class="result"><tr class="param"><th>Parameter #1</th><th>Parameter #2</th><th>Parameter #3</th><th>Parameter #4</th><th>Parameter #5</th><th>Parameter #6</th><th>Parameter #7</th><th>Parameter #8</th><th>Parameter #9</th><th>Parameter #10</th><th>Parameter #11</th><th>Parameter #12</th><th>Parameter #13</th><th>Parameter #14</th><th>Parameter #15</th><th>Parameter #16</th><th>Parameter #17</th></tr><tr class="param stripe"><td>length of bsb field validate: 7</td><td>payment_method</td><td>SWIFT</td><td>bank_country_code</td><td>US</td><td>account_name</td><td>John Smith</td><td>account_number</td><td>1234567890</td><td>invalid_swift_code</td><td>ICBCAUBJ</td><td>bob</td><td>aacrtuw</td><td>aba</td><td>11122233A</td><td>400</td><td>1</td></tr><tr><th colspan="17">Exception</th></tr><tr><td colspan="17"><div class="stacktrace">java.lang.AssertionError: expected [1] but found [{&quot;error&quot;:&quot;&apos;swift_code&apos; is required when payment method is &apos;SWIFT&apos;&quot;}]
	at xuxiaochan.test.airwallex.BankInfoEndpointTest.bankInfoCollectEndpointRequest(BankInfoEndpointTest.java:90)
... Removed 40 stack frames</div></td></tr></table><p class="totop"><a href="#summary">back to summary</a></p><h3 id="m28">xuxiaochan.test.airwallex.BankInfoEndpointTest#bankInfoCollectEndpointRequest</h3><table class="result"><tr class="param"><th>Parameter #1</th><th>Parameter #2</th><th>Parameter #3</th><th>Parameter #4</th><th>Parameter #5</th><th>Parameter #6</th><th>Parameter #7</th><th>Parameter #8</th><th>Parameter #9</th><th>Parameter #10</th><th>Parameter #11</th><th>Parameter #12</th><th>Parameter #13</th><th>Parameter #14</th><th>Parameter #15</th><th>Parameter #16</th><th>Parameter #17</th></tr><tr class="param stripe"><td>mandatory field of bsb validate when bank_country_code is AU: fail</td><td>payment_method</td><td>SWIFT</td><td>bank_country_code</td><td>AU</td><td>account_name</td><td>John Smith</td><td>account_number</td><td>1234567890</td><td>invalid_swift_code</td><td>ICBCUSBJ</td><td>V_bob</td><td>aacrtu</td><td>aba</td><td>11122233A</td><td>400</td><td>1</td></tr><tr><th colspan="17">Exception</th></tr><tr><td colspan="17"><div class="stacktrace">java.lang.AssertionError: expected [1] but found [{&quot;error&quot;:&quot;Length of account_number should be between 7 and 11 when bank_country_code is &apos;US&apos;&quot;}]
	at xuxiaochan.test.airwallex.BankInfoEndpointTest.bankInfoCollectEndpointRequest(BankInfoEndpointTest.java:90)
... Removed 40 stack frames</div></td></tr></table><p class="totop"><a href="#summary">back to summary</a></p><h3 id="m29">xuxiaochan.test.airwallex.BankInfoEndpointTest#bankInfoCollectEndpointRequest</h3><table class="result"><tr class="param"><th>Parameter #1</th><th>Parameter #2</th><th>Parameter #3</th><th>Parameter #4</th><th>Parameter #5</th><th>Parameter #6</th><th>Parameter #7</th><th>Parameter #8</th><th>Parameter #9</th><th>Parameter #10</th><th>Parameter #11</th><th>Parameter #12</th><th>Parameter #13</th><th>Parameter #14</th><th>Parameter #15</th><th>Parameter #16</th><th>Parameter #17</th></tr><tr class="param stripe"><td>optional field of bsb validate when bank_country_code is CN: pass</td><td>payment_method</td><td>SWIFT</td><td>bank_country_code</td><td>CN</td><td>account_name</td><td>John Smith</td><td>account_number</td><td>1234567890</td><td>invalid_swift_code</td><td>ICBCUSBJ</td><td>bob</td><td>sjanaj</td><td>aba</td><td>11122233A</td><td>400</td><td>1</td></tr><tr><th colspan="17">Exception</th></tr><tr><td colspan="17"><div class="stacktrace">java.lang.AssertionError: expected [1] but found [{&quot;error&quot;:&quot;Length of account_number should be between 7 and 11 when bank_country_code is &apos;US&apos;&quot;}]
	at xuxiaochan.test.airwallex.BankInfoEndpointTest.bankInfoCollectEndpointRequest(BankInfoEndpointTest.java:90)
... Removed 40 stack frames</div></td></tr></table><p class="totop"><a href="#summary">back to summary</a></p><h3 id="m30">xuxiaochan.test.airwallex.BankInfoEndpointTest#bankInfoCollectEndpointRequest</h3><table class="result"><tr class="param"><th>Parameter #1</th><th>Parameter #2</th><th>Parameter #3</th><th>Parameter #4</th><th>Parameter #5</th><th>Parameter #6</th><th>Parameter #7</th><th>Parameter #8</th><th>Parameter #9</th><th>Parameter #10</th><th>Parameter #11</th><th>Parameter #12</th><th>Parameter #13</th><th>Parameter #14</th><th>Parameter #15</th><th>Parameter #16</th><th>Parameter #17</th></tr><tr class="param stripe"><td>account_number include number &amp; letter validate when bank_country_code is US</td><td>payment_method</td><td>SWIFT</td><td>bank_country_code</td><td>US</td><td>account_name</td><td>John Smith</td><td>account_number</td><td>1234569891123asff</td><td>swift_code</td><td>ICBCUSBJ</td><td>V_bob</td><td></td><td>aba</td><td>11122233A</td><td>400</td><td>1</td></tr><tr><th colspan="17">Exception</th></tr><tr><td colspan="17"><div class="stacktrace">java.lang.AssertionError: expected [true] but found [false]
	at xuxiaochan.test.airwallex.BankInfoEndpointTest.bankInfoCollectEndpointRequest(BankInfoEndpointTest.java:89)
... Removed 39 stack frames</div></td></tr></table><p class="totop"><a href="#summary">back to summary</a></p><h3 id="m31">xuxiaochan.test.airwallex.BankInfoEndpointTest#bankInfoCollectEndpointRequest</h3><table class="result"><tr class="param"><th>Parameter #1</th><th>Parameter #2</th><th>Parameter #3</th><th>Parameter #4</th><th>Parameter #5</th><th>Parameter #6</th><th>Parameter #7</th><th>Parameter #8</th><th>Parameter #9</th><th>Parameter #10</th><th>Parameter #11</th><th>Parameter #12</th><th>Parameter #13</th><th>Parameter #14</th><th>Parameter #15</th><th>Parameter #16</th><th>Parameter #17</th></tr><tr class="param stripe"><td>mandatory field validate: account_name</td><td>payment_method</td><td>SWIFT</td><td>bank_country_code</td><td>US</td><td>invalid_account_name</td><td>John Smith</td><td>account_number</td><td>123</td><td>swift_code</td><td>ICBCUSBJ</td><td>V_bob</td><td></td><td>aba</td><td>11122233A</td><td>400</td><td>1</td></tr><tr><th colspan="17">Exception</th></tr><tr><td colspan="17"><div class="stacktrace">java.lang.AssertionError: expected [1] but found [{&quot;error&quot;:&quot;&apos;account_name&apos; is required&quot;}]
	at xuxiaochan.test.airwallex.BankInfoEndpointTest.bankInfoCollectEndpointRequest(BankInfoEndpointTest.java:90)
... Removed 41 stack frames</div></td></tr></table><p class="totop"><a href="#summary">back to summary</a></p><h3 id="m32">xuxiaochan.test.airwallex.BankInfoEndpointTest#bankInfoCollectEndpointRequest</h3><table class="result"><tr class="param"><th>Parameter #1</th><th>Parameter #2</th><th>Parameter #3</th><th>Parameter #4</th><th>Parameter #5</th><th>Parameter #6</th><th>Parameter #7</th><th>Parameter #8</th><th>Parameter #9</th><th>Parameter #10</th><th>Parameter #11</th><th>Parameter #12</th><th>Parameter #13</th><th>Parameter #14</th><th>Parameter #15</th><th>Parameter #16</th><th>Parameter #17</th></tr><tr class="param stripe"><td>optional field of bsb validate when bank_country_code is CN: pass</td><td>payment_method</td><td>SWIFT</td><td>bank_country_code</td><td>CN</td><td>account_name</td><td>John Smith</td><td>account_number</td><td>1234567890</td><td>invalid_swift_code</td><td>ICBCUSBJ</td><td>bob</td><td>sjanaj</td><td>invalid_aba</td><td>11122233A</td><td>400</td><td>1</td></tr><tr><th colspan="17">Exception</th></tr><tr><td colspan="17"><div class="stacktrace">java.lang.AssertionError: expected [1] but found [{&quot;error&quot;:&quot;Length of account_number should be between 7 and 11 when bank_country_code is &apos;US&apos;&quot;}]
	at xuxiaochan.test.airwallex.BankInfoEndpointTest.bankInfoCollectEndpointRequest(BankInfoEndpointTest.java:90)
... Removed 40 stack frames</div></td></tr></table><p class="totop"><a href="#summary">back to summary</a></p><h3 id="m33">xuxiaochan.test.airwallex.BankInfoEndpointTest#bankInfoCollectEndpointRequest</h3><table class="result"><tr class="param"><th>Parameter #1</th><th>Parameter #2</th><th>Parameter #3</th><th>Parameter #4</th><th>Parameter #5</th><th>Parameter #6</th><th>Parameter #7</th><th>Parameter #8</th><th>Parameter #9</th><th>Parameter #10</th><th>Parameter #11</th><th>Parameter #12</th><th>Parameter #13</th><th>Parameter #14</th><th>Parameter #15</th><th>Parameter #16</th><th>Parameter #17</th></tr><tr class="param stripe"><td>mandatory field of swift_code validate when bank_country_code is SWIFT: swift_code</td><td>payment_method</td><td>SWIFT</td><td>bank_country_code</td><td>US</td><td>account_name</td><td>John Smith</td><td>account_number</td><td>123</td><td>invalid_swift_code</td><td>ICBCUSBJ</td><td>V_bob</td><td></td><td>aba</td><td>11122233A</td><td>400</td><td>1</td></tr><tr><th colspan="17">Exception</th></tr><tr><td colspan="17"><div class="stacktrace">java.lang.AssertionError: expected [1] but found [{&quot;error&quot;:&quot;&apos;swift_code&apos; is required when payment method is &apos;SWIFT&apos;&quot;}]
	at xuxiaochan.test.airwallex.BankInfoEndpointTest.bankInfoCollectEndpointRequest(BankInfoEndpointTest.java:90)
... Removed 40 stack frames</div></td></tr></table><p class="totop"><a href="#summary">back to summary</a></p><h3 id="m34">xuxiaochan.test.airwallex.BankInfoEndpointTest#bankInfoCollectEndpointRequest</h3><table class="result"><tr class="param"><th>Parameter #1</th><th>Parameter #2</th><th>Parameter #3</th><th>Parameter #4</th><th>Parameter #5</th><th>Parameter #6</th><th>Parameter #7</th><th>Parameter #8</th><th>Parameter #9</th><th>Parameter #10</th><th>Parameter #11</th><th>Parameter #12</th><th>Parameter #13</th><th>Parameter #14</th><th>Parameter #15</th><th>Parameter #16</th><th>Parameter #17</th></tr><tr class="param stripe"><td>the length of swift_code validate: 9</td><td>payment_method</td><td>SWIFT</td><td>bank_country_code</td><td>US</td><td>account_name</td><td>John Smith</td><td>account_number</td><td>1234567890</td><td>swift_code</td><td>ICBCCABUD</td><td>V_bob</td><td></td><td>aba</td><td>11122233A</td><td>400</td><td>1</td></tr><tr><th colspan="17">Exception</th></tr><tr><td colspan="17"><div class="stacktrace">java.lang.AssertionError: expected [1] but found [{&quot;error&quot;:&quot;The swift code is not valid for the given bank country code: US&quot;}]
	at xuxiaochan.test.airwallex.BankInfoEndpointTest.bankInfoCollectEndpointRequest(BankInfoEndpointTest.java:90)
... Removed 40 stack frames</div></td></tr></table><p class="totop"><a href="#summary">back to summary</a></p><h3 id="m35">xuxiaochan.test.airwallex.BankInfoEndpointTest#bankInfoCollectEndpointRequest</h3><table class="result"><tr class="param"><th>Parameter #1</th><th>Parameter #2</th><th>Parameter #3</th><th>Parameter #4</th><th>Parameter #5</th><th>Parameter #6</th><th>Parameter #7</th><th>Parameter #8</th><th>Parameter #9</th><th>Parameter #10</th><th>Parameter #11</th><th>Parameter #12</th><th>Parameter #13</th><th>Parameter #14</th><th>Parameter #15</th><th>Parameter #16</th><th>Parameter #17</th></tr><tr class="param stripe"><td>mandatory field validate: account_number</td><td>payment_method</td><td>SWIFT</td><td>bank_country_code</td><td>US</td><td>account_name</td><td>John Smith</td><td>invalid_account_number</td><td>123</td><td>swift_code</td><td>ICBCUSBJ</td><td>V_bob</td><td></td><td>aba</td><td>11122233A</td><td>400</td><td>1</td></tr><tr><th colspan="17">Exception</th></tr><tr><td colspan="17"><div class="stacktrace">java.lang.AssertionError: expected [1] but found [{&quot;error&quot;:&quot;&apos;account_number&apos; is required&quot;}]
	at xuxiaochan.test.airwallex.BankInfoEndpointTest.bankInfoCollectEndpointRequest(BankInfoEndpointTest.java:90)
... Removed 41 stack frames</div></td></tr></table><p class="totop"><a href="#summary">back to summary</a></p><h3 id="m36">xuxiaochan.test.airwallex.BankInfoEndpointTest#bankInfoCollectEndpointRequest</h3><table class="result"><tr class="param"><th>Parameter #1</th><th>Parameter #2</th><th>Parameter #3</th><th>Parameter #4</th><th>Parameter #5</th><th>Parameter #6</th><th>Parameter #7</th><th>Parameter #8</th><th>Parameter #9</th><th>Parameter #10</th><th>Parameter #11</th><th>Parameter #12</th><th>Parameter #13</th><th>Parameter #14</th><th>Parameter #15</th><th>Parameter #16</th><th>Parameter #17</th></tr><tr class="param stripe"><td>length of account_number validate when bank_country_code is AU: 6</td><td>payment_method</td><td>SWIFT</td><td>bank_country_code</td><td>AU</td><td>account_name</td><td>John Smith</td><td>account_number</td><td>123</td><td>swift_code</td><td>ICBCUSBJ</td><td>V_bob</td><td></td><td>aba</td><td>11122233A</td><td>400</td><td>1</td></tr><tr><th colspan="17">Exception</th></tr><tr><td colspan="17"><div class="stacktrace">java.lang.AssertionError: expected [1] but found [{&quot;error&quot;:&quot;Length of account_number should be between 7 and 11 when bank_country_code is &apos;US&apos;&quot;}]
	at xuxiaochan.test.airwallex.BankInfoEndpointTest.bankInfoCollectEndpointRequest(BankInfoEndpointTest.java:90)
... Removed 41 stack frames</div></td></tr></table><p class="totop"><a href="#summary">back to summary</a></p><h3 id="m37">xuxiaochan.test.airwallex.BankInfoEndpointTest#bankInfoCollectEndpointRequest</h3><table class="result"><tr class="param"><th>Parameter #1</th><th>Parameter #2</th><th>Parameter #3</th><th>Parameter #4</th><th>Parameter #5</th><th>Parameter #6</th><th>Parameter #7</th><th>Parameter #8</th><th>Parameter #9</th><th>Parameter #10</th><th>Parameter #11</th><th>Parameter #12</th><th>Parameter #13</th><th>Parameter #14</th><th>Parameter #15</th><th>Parameter #16</th><th>Parameter #17</th></tr><tr class="param stripe"><td>optional field of swift_code validate when bank_country_code is LOCAL: swift_code</td><td>payment_method</td><td>LOCAL</td><td>bank_country_code</td><td>US</td><td>account_name</td><td>John Smith</td><td>account_number</td><td>123</td><td>invalid_swift_code</td><td>ICBCUSBJ</td><td>V_bob</td><td></td><td>aba</td><td>11122233A</td><td>400</td><td>1</td></tr><tr><th colspan="17">Exception</th></tr><tr><td colspan="17"><div class="stacktrace">java.lang.AssertionError: expected [true] but found [false]
	at xuxiaochan.test.airwallex.BankInfoEndpointTest.bankInfoCollectEndpointRequest(BankInfoEndpointTest.java:89)
... Removed 38 stack frames</div></td></tr></table><p class="totop"><a href="#summary">back to summary</a></p><h3 id="m38">xuxiaochan.test.airwallex.BankInfoEndpointTest#bankInfoCollectEndpointRequest</h3><table class="result"><tr class="param"><th>Parameter #1</th><th>Parameter #2</th><th>Parameter #3</th><th>Parameter #4</th><th>Parameter #5</th><th>Parameter #6</th><th>Parameter #7</th><th>Parameter #8</th><th>Parameter #9</th><th>Parameter #10</th><th>Parameter #11</th><th>Parameter #12</th><th>Parameter #13</th><th>Parameter #14</th><th>Parameter #15</th><th>Parameter #16</th><th>Parameter #17</th></tr><tr class="param stripe"><td>optional field of bsb validate when bank_country_code is US: pass</td><td>payment_method</td><td>SWIFT</td><td>bank_country_code</td><td>US</td><td>account_name</td><td>John Smith</td><td>account_number</td><td>1234567890</td><td>invalid_swift_code</td><td>ICBCUSBJ</td><td>bob</td><td>dhjshy</td><td>aba</td><td>11122233A</td><td>400</td><td>1</td></tr><tr><th colspan="17">Exception</th></tr><tr><td colspan="17"><div class="stacktrace">java.lang.AssertionError: expected [1] but found [{&quot;error&quot;:&quot;&apos;swift_code&apos; is required when payment method is &apos;SWIFT&apos;&quot;}]
	at xuxiaochan.test.airwallex.BankInfoEndpointTest.bankInfoCollectEndpointRequest(BankInfoEndpointTest.java:90)
... Removed 40 stack frames</div></td></tr></table><p class="totop"><a href="#summary">back to summary</a></p><h3 id="m39">xuxiaochan.test.airwallex.BankInfoEndpointTest#bankInfoCollectEndpointRequest</h3><table class="result"><tr class="param"><th>Parameter #1</th><th>Parameter #2</th><th>Parameter #3</th><th>Parameter #4</th><th>Parameter #5</th><th>Parameter #6</th><th>Parameter #7</th><th>Parameter #8</th><th>Parameter #9</th><th>Parameter #10</th><th>Parameter #11</th><th>Parameter #12</th><th>Parameter #13</th><th>Parameter #14</th><th>Parameter #15</th><th>Parameter #16</th><th>Parameter #17</th></tr><tr class="param stripe"><td>length of account_number validate when bank_country_code is CN: 8</td><td>payment_method</td><td>SWIFT</td><td>bank_country_code</td><td>CN</td><td>account_name</td><td>John Smith</td><td>account_number</td><td>123</td><td>swift_code</td><td>ICBCUSBJ</td><td>V_bob</td><td></td><td>aba</td><td>11122233A</td><td>400</td><td>1</td></tr><tr><th colspan="17">Exception</th></tr><tr><td colspan="17"><div class="stacktrace">java.lang.AssertionError: expected [1] but found [{&quot;error&quot;:&quot;Length of account_number should be between 7 and 11 when bank_country_code is &apos;US&apos;&quot;}]
	at xuxiaochan.test.airwallex.BankInfoEndpointTest.bankInfoCollectEndpointRequest(BankInfoEndpointTest.java:90)
... Removed 41 stack frames</div></td></tr></table><p class="totop"><a href="#summary">back to summary</a></p><h3 id="m40">xuxiaochan.test.airwallex.BankInfoEndpointTest#bankInfoCollectEndpointRequest</h3><table class="result"><tr class="param"><th>Parameter #1</th><th>Parameter #2</th><th>Parameter #3</th><th>Parameter #4</th><th>Parameter #5</th><th>Parameter #6</th><th>Parameter #7</th><th>Parameter #8</th><th>Parameter #9</th><th>Parameter #10</th><th>Parameter #11</th><th>Parameter #12</th><th>Parameter #13</th><th>Parameter #14</th><th>Parameter #15</th><th>Parameter #16</th><th>Parameter #17</th></tr><tr class="param stripe"><td>optional field of abs validate when bank_country_code is AU: pass</td><td>payment_method</td><td>SWIFT</td><td>bank_country_code</td><td>US</td><td>account_name</td><td>John Smith</td><td>account_number</td><td>1234567890</td><td>invalid_swift_code</td><td>ICBCUSBJ</td><td>bob</td><td>hsjaha</td><td>invalid_aba</td><td>11122233A</td><td>400</td><td>1</td></tr><tr><th colspan="17">Exception</th></tr><tr><td colspan="17"><div class="stacktrace">java.lang.AssertionError: expected [1] but found [{&quot;error&quot;:&quot;&apos;swift_code&apos; is required when payment method is &apos;SWIFT&apos;&quot;}]
	at xuxiaochan.test.airwallex.BankInfoEndpointTest.bankInfoCollectEndpointRequest(BankInfoEndpointTest.java:90)
... Removed 40 stack frames</div></td></tr></table><p class="totop"><a href="#summary">back to summary</a></p><h3 id="m41">xuxiaochan.test.airwallex.BankInfoEndpointTest#bankInfoCollectEndpointRequest</h3><table class="result"><tr class="param"><th>Parameter #1</th><th>Parameter #2</th><th>Parameter #3</th><th>Parameter #4</th><th>Parameter #5</th><th>Parameter #6</th><th>Parameter #7</th><th>Parameter #8</th><th>Parameter #9</th><th>Parameter #10</th><th>Parameter #11</th><th>Parameter #12</th><th>Parameter #13</th><th>Parameter #14</th><th>Parameter #15</th><th>Parameter #16</th><th>Parameter #17</th></tr><tr class="param stripe"><td>optional field of bsb validate when bank_country_code is CN: pass</td><td>payment_method</td><td>SWIFT</td><td>bank_country_code</td><td>CN</td><td>account_name</td><td>John Smith</td><td>account_number</td><td>1234567890</td><td>invalid_swift_code</td><td>ICBCUSBJ</td><td>invalid_bob</td><td></td><td>aba</td><td>11122233A</td><td>400</td><td>1</td></tr><tr><th colspan="17">Exception</th></tr><tr><td colspan="17"><div class="stacktrace">java.lang.AssertionError: expected [1] but found [{&quot;error&quot;:&quot;Length of account_number should be between 7 and 11 when bank_country_code is &apos;US&apos;&quot;}]
	at xuxiaochan.test.airwallex.BankInfoEndpointTest.bankInfoCollectEndpointRequest(BankInfoEndpointTest.java:90)
... Removed 40 stack frames</div></td></tr></table><p class="totop"><a href="#summary">back to summary</a></p><h3 id="m42">xuxiaochan.test.airwallex.BankInfoEndpointTest#bankInfoCollectEndpointRequest</h3><table class="result"><tr class="param"><th>Parameter #1</th><th>Parameter #2</th><th>Parameter #3</th><th>Parameter #4</th><th>Parameter #5</th><th>Parameter #6</th><th>Parameter #7</th><th>Parameter #8</th><th>Parameter #9</th><th>Parameter #10</th><th>Parameter #11</th><th>Parameter #12</th><th>Parameter #13</th><th>Parameter #14</th><th>Parameter #15</th><th>Parameter #16</th><th>Parameter #17</th></tr><tr class="param stripe"><td>optional field of aba validate when bank_country_code is AU: pass</td><td>payment_method</td><td>SWIFT</td><td>bank_country_code</td><td>US</td><td>account_name</td><td>John Smith</td><td>account_number</td><td>1234567890</td><td>invalid_swift_code</td><td>ICBCUSBJ</td><td>bob</td><td>dhjshy</td><td>aba</td><td>11122233A</td><td>400</td><td>1</td></tr><tr><th colspan="17">Exception</th></tr><tr><td colspan="17"><div class="stacktrace">java.lang.AssertionError: expected [1] but found [{&quot;error&quot;:&quot;&apos;swift_code&apos; is required when payment method is &apos;SWIFT&apos;&quot;}]
	at xuxiaochan.test.airwallex.BankInfoEndpointTest.bankInfoCollectEndpointRequest(BankInfoEndpointTest.java:90)
... Removed 40 stack frames</div></td></tr></table><p class="totop"><a href="#summary">back to summary</a></p><h3 id="m43">xuxiaochan.test.airwallex.BankInfoEndpointTest#bankInfoCollectEndpointRequest</h3><table class="result"><tr class="param"><th>Parameter #1</th><th>Parameter #2</th><th>Parameter #3</th><th>Parameter #4</th><th>Parameter #5</th><th>Parameter #6</th><th>Parameter #7</th><th>Parameter #8</th><th>Parameter #9</th><th>Parameter #10</th><th>Parameter #11</th><th>Parameter #12</th><th>Parameter #13</th><th>Parameter #14</th><th>Parameter #15</th><th>Parameter #16</th><th>Parameter #17</th></tr><tr class="param stripe"><td>the 5th and 6th characters of swift_code validate when bank_country_code is CN: pass</td><td>payment_method</td><td>SWIFT</td><td>bank_country_code</td><td>CN</td><td>account_name</td><td>John Smith</td><td>account_number</td><td>1234567890</td><td>swift_code</td><td>ICBCCNBJ</td><td>V_bob</td><td></td><td>aba</td><td>11122233A</td><td>400</td><td>1</td></tr><tr><th colspan="17">Exception</th></tr><tr><td colspan="17"><div class="stacktrace">java.lang.AssertionError: expected [1] but found [{&quot;error&quot;:&quot;Length of account_number should be between 7 and 11 when bank_country_code is &apos;US&apos;&quot;}]
	at xuxiaochan.test.airwallex.BankInfoEndpointTest.bankInfoCollectEndpointRequest(BankInfoEndpointTest.java:90)
... Removed 40 stack frames</div></td></tr></table><p class="totop"><a href="#summary">back to summary</a></p><h3 id="m44">xuxiaochan.test.airwallex.BankInfoEndpointTest#bankInfoCollectEndpointRequest</h3><table class="result"><tr class="param"><th>Parameter #1</th><th>Parameter #2</th><th>Parameter #3</th><th>Parameter #4</th><th>Parameter #5</th><th>Parameter #6</th><th>Parameter #7</th><th>Parameter #8</th><th>Parameter #9</th><th>Parameter #10</th><th>Parameter #11</th><th>Parameter #12</th><th>Parameter #13</th><th>Parameter #14</th><th>Parameter #15</th><th>Parameter #16</th><th>Parameter #17</th></tr><tr class="param stripe"><td>the 5th character of swift_code validate when bank_country_code is US: fail</td><td>payment_method</td><td>SWIFT</td><td>bank_country_code</td><td>US</td><td>account_name</td><td>John Smith</td><td>account_number</td><td>123</td><td>swift_code</td><td>ICBCASBJ</td><td>V_bob</td><td></td><td>aba</td><td>11122233A</td><td>400</td><td>1</td></tr><tr><th colspan="17">Exception</th></tr><tr><td colspan="17"><div class="stacktrace">java.lang.AssertionError: expected [1] but found [{&quot;error&quot;:&quot;The swift code is not valid for the given bank country code: US&quot;}]
	at xuxiaochan.test.airwallex.BankInfoEndpointTest.bankInfoCollectEndpointRequest(BankInfoEndpointTest.java:90)
... Removed 40 stack frames</div></td></tr></table><p class="totop"><a href="#summary">back to summary</a></p><h3 id="m45">xuxiaochan.test.airwallex.BankInfoEndpointTest#bankInfoCollectEndpointRequest</h3><table class="result"><tr class="param"><th>Parameter #1</th><th>Parameter #2</th><th>Parameter #3</th><th>Parameter #4</th><th>Parameter #5</th><th>Parameter #6</th><th>Parameter #7</th><th>Parameter #8</th><th>Parameter #9</th><th>Parameter #10</th><th>Parameter #11</th><th>Parameter #12</th><th>Parameter #13</th><th>Parameter #14</th><th>Parameter #15</th><th>Parameter #16</th><th>Parameter #17</th></tr><tr class="param stripe"><td>the 6th character of swift_code validate when bank_country_code is US: fail</td><td>payment_method</td><td>SWIFT</td><td>bank_country_code</td><td>US</td><td>account_name</td><td>John Smith</td><td>account_number</td><td>123</td><td>swift_code</td><td>ICBCUYBJ</td><td>V_bob</td><td></td><td>aba</td><td>11122233A</td><td>400</td><td>1</td></tr><tr><th colspan="17">Exception</th></tr><tr><td colspan="17"><div class="stacktrace">java.lang.AssertionError: expected [1] but found [{&quot;error&quot;:&quot;The swift code is not valid for the given bank country code: US&quot;}]
	at xuxiaochan.test.airwallex.BankInfoEndpointTest.bankInfoCollectEndpointRequest(BankInfoEndpointTest.java:90)
... Removed 40 stack frames</div></td></tr></table><p class="totop"><a href="#summary">back to summary</a></p><h3 id="m46">xuxiaochan.test.airwallex.BankInfoEndpointTest#bankInfoCollectEndpointRequest</h3><table class="result"><tr class="param"><th>Parameter #1</th><th>Parameter #2</th><th>Parameter #3</th><th>Parameter #4</th><th>Parameter #5</th><th>Parameter #6</th><th>Parameter #7</th><th>Parameter #8</th><th>Parameter #9</th><th>Parameter #10</th><th>Parameter #11</th><th>Parameter #12</th><th>Parameter #13</th><th>Parameter #14</th><th>Parameter #15</th><th>Parameter #16</th><th>Parameter #17</th></tr><tr class="param stripe"><td>the length of swift_code validate: 12</td><td>payment_method</td><td>SWIFT</td><td>bank_country_code</td><td>US</td><td>account_name</td><td>John Smith</td><td>account_number</td><td>1234567890</td><td>swift_code</td><td>ICBCCABUDASE</td><td>V_bob</td><td></td><td>aba</td><td>11122233A</td><td>400</td><td>1</td></tr><tr><th colspan="17">Exception</th></tr><tr><td colspan="17"><div class="stacktrace">java.lang.AssertionError: expected [1] but found [{&quot;error&quot;:&quot;Length of &apos;swift_code&apos; should be either 8 or 11&quot;}]
	at xuxiaochan.test.airwallex.BankInfoEndpointTest.bankInfoCollectEndpointRequest(BankInfoEndpointTest.java:90)
... Removed 40 stack frames</div></td></tr></table><p class="totop"><a href="#summary">back to summary</a></p><h3 id="m47">xuxiaochan.test.airwallex.BankInfoEndpointTest#bankInfoCollectEndpointRequest</h3><table class="result"><tr class="param"><th>Parameter #1</th><th>Parameter #2</th><th>Parameter #3</th><th>Parameter #4</th><th>Parameter #5</th><th>Parameter #6</th><th>Parameter #7</th><th>Parameter #8</th><th>Parameter #9</th><th>Parameter #10</th><th>Parameter #11</th><th>Parameter #12</th><th>Parameter #13</th><th>Parameter #14</th><th>Parameter #15</th><th>Parameter #16</th><th>Parameter #17</th></tr><tr class="param stripe"><td>length of account_number validate when bank_country_code is US: 18</td><td>payment_method</td><td>SWIFT</td><td>bank_country_code</td><td>US</td><td>account_name</td><td>John Smith</td><td>account_number</td><td>123456989112345678</td><td>swift_code</td><td>ICBCUSBJ</td><td>V_bob</td><td></td><td>aba</td><td>11122233A</td><td>400</td><td>1</td></tr><tr><th colspan="17">Exception</th></tr><tr><td colspan="17"><div class="stacktrace">java.lang.AssertionError: expected [1] but found [{&quot;error&quot;:&quot;Length of account_number should be between 7 and 11 when bank_country_code is &apos;US&apos;&quot;}]
	at xuxiaochan.test.airwallex.BankInfoEndpointTest.bankInfoCollectEndpointRequest(BankInfoEndpointTest.java:90)
... Removed 41 stack frames</div></td></tr></table><p class="totop"><a href="#summary">back to summary</a></p><h3 id="m48">xuxiaochan.test.airwallex.BankInfoEndpointTest#bankInfoCollectEndpointRequest</h3><table class="result"><tr class="param"><th>Parameter #1</th><th>Parameter #2</th><th>Parameter #3</th><th>Parameter #4</th><th>Parameter #5</th><th>Parameter #6</th><th>Parameter #7</th><th>Parameter #8</th><th>Parameter #9</th><th>Parameter #10</th><th>Parameter #11</th><th>Parameter #12</th><th>Parameter #13</th><th>Parameter #14</th><th>Parameter #15</th><th>Parameter #16</th><th>Parameter #17</th></tr><tr class="param stripe"><td>length of account_number validate when bank_country_code is US: 0</td><td>payment_method</td><td>SWIFT</td><td>bank_country_code</td><td>US</td><td>account_name</td><td>John Smith</td><td>account_number</td><td></td><td>swift_code</td><td>ICBCUSBJ</td><td>V_bob</td><td></td><td>aba</td><td>11122233A</td><td>400</td><td>1</td></tr><tr><th colspan="17">Exception</th></tr><tr><td colspan="17"><div class="stacktrace">java.lang.AssertionError: expected [1] but found [{&quot;error&quot;:&quot;&apos;account_number&apos; is required&quot;}]
	at xuxiaochan.test.airwallex.BankInfoEndpointTest.bankInfoCollectEndpointRequest(BankInfoEndpointTest.java:90)
... Removed 41 stack frames</div></td></tr></table><p class="totop"><a href="#summary">back to summary</a></p><h3 id="m49">xuxiaochan.test.airwallex.BankInfoEndpointTest#bankInfoCollectEndpointRequest</h3><table class="result"><tr class="param"><th>Parameter #1</th><th>Parameter #2</th><th>Parameter #3</th><th>Parameter #4</th><th>Parameter #5</th><th>Parameter #6</th><th>Parameter #7</th><th>Parameter #8</th><th>Parameter #9</th><th>Parameter #10</th><th>Parameter #11</th><th>Parameter #12</th><th>Parameter #13</th><th>Parameter #14</th><th>Parameter #15</th><th>Parameter #16</th><th>Parameter #17</th></tr><tr class="param stripe"><td>optional field of bsb validate when bank_country_code is CN: pass</td><td>payment_method</td><td>SWIFT</td><td>bank_country_code</td><td>CN</td><td>account_name</td><td>John Smith</td><td>account_number</td><td>1234567890</td><td>invalid_swift_code</td><td>ICBCUSBJ</td><td>invalid_bob</td><td></td><td>abaiuy</td><td>11122233A</td><td>400</td><td>1</td></tr><tr><th colspan="17">Exception</th></tr><tr><td colspan="17"><div class="stacktrace">java.lang.AssertionError: expected [1] but found [{&quot;error&quot;:&quot;Length of account_number should be between 7 and 11 when bank_country_code is &apos;US&apos;&quot;}]
	at xuxiaochan.test.airwallex.BankInfoEndpointTest.bankInfoCollectEndpointRequest(BankInfoEndpointTest.java:90)
... Removed 40 stack frames</div></td></tr></table><p class="totop"><a href="#summary">back to summary</a></p><h3 id="m50">xuxiaochan.test.airwallex.BankInfoEndpointTest#bankInfoCollectEndpointRequest</h3><table class="result"><tr class="param"><th>Parameter #1</th><th>Parameter #2</th><th>Parameter #3</th><th>Parameter #4</th><th>Parameter #5</th><th>Parameter #6</th><th>Parameter #7</th><th>Parameter #8</th><th>Parameter #9</th><th>Parameter #10</th><th>Parameter #11</th><th>Parameter #12</th><th>Parameter #13</th><th>Parameter #14</th><th>Parameter #15</th><th>Parameter #16</th><th>Parameter #17</th></tr><tr class="param stripe"><td>mandatory field validate: bank_country_code</td><td>payment_method</td><td>SWIFT</td><td>invalid_bank_country_code</td><td>US</td><td>account_name</td><td>John Smith</td><td>account_number</td><td>123</td><td>swift_code</td><td>ICBCUSBJ</td><td>V_bob</td><td></td><td>aba</td><td>11122233A</td><td>400</td><td>{&quot;error&quot;:&quot;&apos;payment_method&apos; field required, the value should be either &apos;LOCAL&apos; or &apos;SWIFT&apos;&quot;}</td></tr><tr><th colspan="17">Exception</th></tr><tr><td colspan="17"><div class="stacktrace">java.lang.AssertionError: expected [{&quot;error&quot;:&quot;&apos;payment_method&apos; field required, the value should be either &apos;LOCAL&apos; or &apos;SWIFT&apos;&quot;}] but found [{&quot;error&quot;:&quot;&apos;bank_country_code&apos; is required, and should be one of &apos;US&apos;, &apos;AU&apos;, or &apos;CN&apos;&quot;}]
	at xuxiaochan.test.airwallex.BankInfoEndpointTest.bankInfoCollectEndpointRequest(BankInfoEndpointTest.java:90)
... Removed 41 stack frames</div></td></tr></table><p class="totop"><a href="#summary">back to summary</a></p><h3 id="m51">xuxiaochan.test.airwallex.BankInfoEndpointTest#bankInfoCollectEndpointRequest</h3><table class="result"><tr class="param"><th>Parameter #1</th><th>Parameter #2</th><th>Parameter #3</th><th>Parameter #4</th><th>Parameter #5</th><th>Parameter #6</th><th>Parameter #7</th><th>Parameter #8</th><th>Parameter #9</th><th>Parameter #10</th><th>Parameter #11</th><th>Parameter #12</th><th>Parameter #13</th><th>Parameter #14</th><th>Parameter #15</th><th>Parameter #16</th><th>Parameter #17</th></tr><tr class="param stripe"><td>length of account_number validate when bank_country_code is AU: 5</td><td>payment_method</td><td>SWIFT</td><td>bank_country_code</td><td>AU</td><td>account_name</td><td>John Smith</td><td>account_number</td><td>123</td><td>swift_code</td><td>ICBCUSBJ</td><td>V_bob</td><td></td><td>aba</td><td>11122233A</td><td>400</td><td>1</td></tr><tr><th colspan="17">Exception</th></tr><tr><td colspan="17"><div class="stacktrace">java.lang.AssertionError: expected [1] but found [{&quot;error&quot;:&quot;Length of account_number should be between 7 and 11 when bank_country_code is &apos;US&apos;&quot;}]
	at xuxiaochan.test.airwallex.BankInfoEndpointTest.bankInfoCollectEndpointRequest(BankInfoEndpointTest.java:90)
... Removed 41 stack frames</div></td></tr></table><p class="totop"><a href="#summary">back to summary</a></p><h3 id="m52">xuxiaochan.test.airwallex.BankInfoEndpointTest#bankInfoCollectEndpointRequest</h3><table class="result"><tr class="param"><th>Parameter #1</th><th>Parameter #2</th><th>Parameter #3</th><th>Parameter #4</th><th>Parameter #5</th><th>Parameter #6</th><th>Parameter #7</th><th>Parameter #8</th><th>Parameter #9</th><th>Parameter #10</th><th>Parameter #11</th><th>Parameter #12</th><th>Parameter #13</th><th>Parameter #14</th><th>Parameter #15</th><th>Parameter #16</th><th>Parameter #17</th></tr><tr class="param stripe"><td>mandatory field validate: payment_method</td><td>invalid_payment_method</td><td>SWIFT</td><td>bank_country_code</td><td>US</td><td>account_name</td><td>John Smith</td><td>account_number</td><td>123</td><td>swift_code</td><td>ICBCUSBJ</td><td>V_bob</td><td></td><td>aba</td><td>11122233A</td><td>400</td><td>{&quot;error&quot;:&quot;&apos;payment_method&apos; field required, the value should be either &apos;LOCAL&apos; or &apos;SWIFT&apos;&quot;}</td></tr></table><p class="totop"><a href="#summary">back to summary</a></p></body></html>